<?xml version="1.0" encoding="UTF-8"?>
<coverage generated="1535846048035" clover="3.2.0">
  <project timestamp="1535846048035" name="All files">
    <metrics statements="150" coveredstatements="103" conditionals="270" coveredconditionals="149" methods="96" coveredmethods="52" elements="516" coveredelements="304" complexity="0" loc="150" ncloc="150" packages="5" files="8" classes="8">
      <package name="src">
        <metrics statements="20" coveredstatements="18" conditionals="56" coveredconditionals="27" methods="6" coveredmethods="6"/>
        <file name="app.controller.ts" path="C:\Projects\backend-homework\src\app.controller.ts">
          <metrics statements="12" coveredstatements="11" conditionals="34" coveredconditionals="20" methods="4" coveredmethods="4"/>
          <line num="1" count="1" type="cond" truecount="2" falsecount="1"/>
          <line num="2" count="2" type="cond" truecount="3" falsecount="1"/>
          <line num="3" count="2" type="cond" truecount="3" falsecount="1"/>
          <line num="4" count="0" type="cond" truecount="0" falsecount="8"/>
          <line num="5" count="2" type="cond" truecount="3" falsecount="0"/>
          <line num="7" count="1" type="cond" truecount="2" falsecount="1"/>
          <line num="8" count="4" type="cond" truecount="3" falsecount="1"/>
          <line num="13" count="1" type="stmt"/>
          <line num="15" count="1" type="stmt"/>
          <line num="18" count="1" type="stmt"/>
          <line num="21" count="1" type="stmt"/>
          <line num="27" count="1" type="stmt"/>
        </file>
        <file name="app.service.ts" path="C:\Projects\backend-homework\src\app.service.ts">
          <metrics statements="8" coveredstatements="7" conditionals="22" coveredconditionals="7" methods="2" coveredmethods="2"/>
          <line num="1" count="1" type="cond" truecount="2" falsecount="1"/>
          <line num="2" count="1" type="cond" truecount="1" falsecount="3"/>
          <line num="3" count="1" type="cond" truecount="3" falsecount="1"/>
          <line num="4" count="0" type="cond" truecount="0" falsecount="8"/>
          <line num="5" count="1" type="cond" truecount="1" falsecount="2"/>
          <line num="8" count="1" type="stmt"/>
          <line num="10" count="1" type="stmt"/>
          <line num="13" count="1" type="stmt"/>
        </file>
      </package>
      <package name="src.notes">
        <metrics statements="66" coveredstatements="43" conditionals="107" coveredconditionals="61" methods="45" coveredmethods="23"/>
        <file name="notes.controller.ts" path="C:\Projects\backend-homework\src\notes\notes.controller.ts">
          <metrics statements="34" coveredstatements="31" conditionals="61" coveredconditionals="41" methods="21" coveredmethods="18"/>
          <line num="1" count="1" type="cond" truecount="2" falsecount="1"/>
          <line num="2" count="6" type="cond" truecount="3" falsecount="1"/>
          <line num="3" count="6" type="cond" truecount="3" falsecount="1"/>
          <line num="4" count="0" type="cond" truecount="0" falsecount="8"/>
          <line num="5" count="6" type="cond" truecount="3" falsecount="0"/>
          <line num="7" count="1" type="cond" truecount="2" falsecount="1"/>
          <line num="8" count="16" type="cond" truecount="3" falsecount="1"/>
          <line num="10" count="1" type="cond" truecount="2" falsecount="1"/>
          <line num="11" count="5" type="stmt"/>
          <line num="13" count="1" type="cond" truecount="2" falsecount="1"/>
          <line num="14" count="5" type="cond" truecount="2" falsecount="0"/>
          <line num="15" count="0" type="stmt"/>
          <line num="16" count="0" type="stmt"/>
          <line num="17" count="5" type="cond" truecount="1" falsecount="1"/>
          <line num="18" count="5" type="cond" truecount="2" falsecount="0"/>
          <line num="25" count="1" type="stmt"/>
          <line num="27" count="5" type="stmt"/>
          <line num="30" count="1" type="stmt"/>
          <line num="31" count="1" type="stmt"/>
          <line num="32" count="1" type="stmt"/>
          <line num="36" count="1" type="stmt"/>
          <line num="37" count="1" type="stmt"/>
          <line num="41" count="1" type="stmt"/>
          <line num="42" count="1" type="stmt"/>
          <line num="46" count="1" type="stmt"/>
          <line num="47" count="1" type="stmt"/>
          <line num="51" count="1" type="stmt"/>
          <line num="52" count="1" type="stmt"/>
          <line num="56" count="1" type="stmt"/>
          <line num="63" count="1" type="stmt"/>
          <line num="70" count="1" type="stmt"/>
          <line num="77" count="1" type="stmt"/>
          <line num="83" count="1" type="stmt"/>
          <line num="90" count="1" type="stmt"/>
        </file>
        <file name="notes.service.ts" path="C:\Projects\backend-homework\src\notes\notes.service.ts">
          <metrics statements="32" coveredstatements="12" conditionals="46" coveredconditionals="20" methods="24" coveredmethods="5"/>
          <line num="1" count="1" type="cond" truecount="2" falsecount="1"/>
          <line num="2" count="1" type="cond" truecount="1" falsecount="3"/>
          <line num="3" count="1" type="cond" truecount="3" falsecount="1"/>
          <line num="4" count="0" type="cond" truecount="0" falsecount="8"/>
          <line num="5" count="1" type="cond" truecount="1" falsecount="2"/>
          <line num="7" count="1" type="cond" truecount="2" falsecount="1"/>
          <line num="8" count="1" type="cond" truecount="3" falsecount="1"/>
          <line num="10" count="1" type="cond" truecount="2" falsecount="1"/>
          <line num="11" count="1" type="stmt"/>
          <line num="13" count="1" type="cond" truecount="2" falsecount="1"/>
          <line num="14" count="0" type="cond" truecount="0" falsecount="2"/>
          <line num="15" count="0" type="stmt"/>
          <line num="16" count="0" type="stmt"/>
          <line num="17" count="0" type="cond" truecount="0" falsecount="2"/>
          <line num="18" count="0" type="cond" truecount="0" falsecount="2"/>
          <line num="24" count="1" type="stmt"/>
          <line num="26" count="5" type="stmt"/>
          <line num="29" count="0" type="stmt"/>
          <line num="30" count="0" type="stmt"/>
          <line num="31" count="0" type="stmt"/>
          <line num="32" count="0" type="stmt"/>
          <line num="36" count="0" type="stmt"/>
          <line num="37" count="0" type="stmt"/>
          <line num="38" count="0" type="stmt"/>
          <line num="39" count="0" type="stmt"/>
          <line num="43" count="0" type="stmt"/>
          <line num="44" count="0" type="stmt"/>
          <line num="48" count="0" type="stmt"/>
          <line num="49" count="0" type="stmt"/>
          <line num="53" count="0" type="stmt"/>
          <line num="54" count="0" type="stmt"/>
          <line num="58" count="1" type="stmt"/>
        </file>
      </package>
      <package name="src.notes.dto">
        <metrics statements="0" coveredstatements="0" conditionals="0" coveredconditionals="0" methods="0" coveredmethods="0"/>
        <file name="create-note.dto.ts" path="C:\Projects\backend-homework\src\notes\dto\create-note.dto.ts">
          <metrics statements="0" coveredstatements="0" conditionals="0" coveredconditionals="0" methods="0" coveredmethods="0"/>
        </file>
      </package>
      <package name="src.users">
        <metrics statements="64" coveredstatements="42" conditionals="107" coveredconditionals="61" methods="45" coveredmethods="23"/>
        <file name="users.controller.ts" path="C:\Projects\backend-homework\src\users\users.controller.ts">
          <metrics statements="33" coveredstatements="30" conditionals="61" coveredconditionals="41" methods="21" coveredmethods="18"/>
          <line num="1" count="1" type="cond" truecount="2" falsecount="1"/>
          <line num="2" count="6" type="cond" truecount="3" falsecount="1"/>
          <line num="3" count="6" type="cond" truecount="3" falsecount="1"/>
          <line num="4" count="0" type="cond" truecount="0" falsecount="8"/>
          <line num="5" count="6" type="cond" truecount="3" falsecount="0"/>
          <line num="7" count="1" type="cond" truecount="2" falsecount="1"/>
          <line num="8" count="16" type="cond" truecount="3" falsecount="1"/>
          <line num="10" count="1" type="cond" truecount="2" falsecount="1"/>
          <line num="11" count="5" type="stmt"/>
          <line num="13" count="1" type="cond" truecount="2" falsecount="1"/>
          <line num="14" count="5" type="cond" truecount="2" falsecount="0"/>
          <line num="15" count="0" type="stmt"/>
          <line num="16" count="0" type="stmt"/>
          <line num="17" count="5" type="cond" truecount="1" falsecount="1"/>
          <line num="18" count="5" type="cond" truecount="2" falsecount="0"/>
          <line num="25" count="1" type="stmt"/>
          <line num="27" count="5" type="stmt"/>
          <line num="30" count="1" type="stmt"/>
          <line num="31" count="1" type="stmt"/>
          <line num="35" count="1" type="stmt"/>
          <line num="36" count="1" type="stmt"/>
          <line num="40" count="1" type="stmt"/>
          <line num="41" count="1" type="stmt"/>
          <line num="45" count="1" type="stmt"/>
          <line num="46" count="1" type="stmt"/>
          <line num="50" count="1" type="stmt"/>
          <line num="51" count="1" type="stmt"/>
          <line num="55" count="1" type="stmt"/>
          <line num="62" count="1" type="stmt"/>
          <line num="69" count="1" type="stmt"/>
          <line num="76" count="1" type="stmt"/>
          <line num="82" count="1" type="stmt"/>
          <line num="89" count="1" type="stmt"/>
        </file>
        <file name="users.service.ts" path="C:\Projects\backend-homework\src\users\users.service.ts">
          <metrics statements="31" coveredstatements="12" conditionals="46" coveredconditionals="20" methods="24" coveredmethods="5"/>
          <line num="1" count="1" type="cond" truecount="2" falsecount="1"/>
          <line num="2" count="1" type="cond" truecount="1" falsecount="3"/>
          <line num="3" count="1" type="cond" truecount="3" falsecount="1"/>
          <line num="4" count="0" type="cond" truecount="0" falsecount="8"/>
          <line num="5" count="1" type="cond" truecount="1" falsecount="2"/>
          <line num="7" count="1" type="cond" truecount="2" falsecount="1"/>
          <line num="8" count="1" type="cond" truecount="3" falsecount="1"/>
          <line num="10" count="1" type="cond" truecount="2" falsecount="1"/>
          <line num="11" count="1" type="stmt"/>
          <line num="13" count="1" type="cond" truecount="2" falsecount="1"/>
          <line num="14" count="0" type="cond" truecount="0" falsecount="2"/>
          <line num="15" count="0" type="stmt"/>
          <line num="16" count="0" type="stmt"/>
          <line num="17" count="0" type="cond" truecount="0" falsecount="2"/>
          <line num="18" count="0" type="cond" truecount="0" falsecount="2"/>
          <line num="24" count="1" type="stmt"/>
          <line num="26" count="5" type="stmt"/>
          <line num="29" count="0" type="stmt"/>
          <line num="30" count="0" type="stmt"/>
          <line num="31" count="0" type="stmt"/>
          <line num="32" count="0" type="stmt"/>
          <line num="36" count="0" type="stmt"/>
          <line num="37" count="0" type="stmt"/>
          <line num="38" count="0" type="stmt"/>
          <line num="42" count="0" type="stmt"/>
          <line num="43" count="0" type="stmt"/>
          <line num="47" count="0" type="stmt"/>
          <line num="48" count="0" type="stmt"/>
          <line num="52" count="0" type="stmt"/>
          <line num="53" count="0" type="stmt"/>
          <line num="57" count="1" type="stmt"/>
        </file>
      </package>
      <package name="src.users.dto">
        <metrics statements="0" coveredstatements="0" conditionals="0" coveredconditionals="0" methods="0" coveredmethods="0"/>
        <file name="create-user.dto.ts" path="C:\Projects\backend-homework\src\users\dto\create-user.dto.ts">
          <metrics statements="0" coveredstatements="0" conditionals="0" coveredconditionals="0" methods="0" coveredmethods="0"/>
        </file>
      </package>
    </metrics>
  </project>
</coverage>
