{"C:\\Projects\\backend-homework\\src\\app.controller.ts": {"path":"C:\\Projects\\backend-homework\\src\\app.controller.ts","statementMap":{"0":{"start":{"line":1,"column":17},"end":{"line":6,"column":1}},"1":{"start":{"line":2,"column":12},"end":{"line":2,"column":28}},"2":{"start":{"line":2,"column":34},"end":{"line":2,"column":125}},"3":{"start":{"line":3,"column":4},"end":{"line":4,"column":150}},"4":{"start":{"line":3,"column":79},"end":{"line":3,"column":131}},"5":{"start":{"line":4,"column":9},"end":{"line":4,"column":150}},"6":{"start":{"line":4,"column":58},"end":{"line":4,"column":150}},"7":{"start":{"line":4,"column":81},"end":{"line":4,"column":150}},"8":{"start":{"line":5,"column":4},"end":{"line":5,"column":66}},"9":{"start":{"line":7,"column":17},"end":{"line":9,"column":1}},"10":{"start":{"line":8,"column":4},"end":{"line":8,"column":109}},"11":{"start":{"line":8,"column":79},"end":{"line":8,"column":109}},"12":{"start":{"line":13,"column":20},"end":{"line":20,"column":1}},"13":{"start":{"line":15,"column":8},"end":{"line":15,"column":37}},"14":{"start":{"line":18,"column":8},"end":{"line":18,"column":38}},"15":{"start":{"line":21,"column":0},"end":{"line":26,"column":42}},"16":{"start":{"line":27,"column":0},"end":{"line":30,"column":18}}},"fnMap":{"0":{"name":"(anonymous_0)","decl":{"start":{"line":1,"column":46},"end":{"line":1,"column":47}},"loc":{"start":{"line":1,"column":87},"end":{"line":6,"column":1}},"line":1},"1":{"name":"(anonymous_1)","decl":{"start":{"line":7,"column":46},"end":{"line":7,"column":47}},"loc":{"start":{"line":7,"column":62},"end":{"line":9,"column":1}},"line":7},"2":{"name":"(anonymous_2)","decl":{"start":{"line":14,"column":4},"end":{"line":14,"column":5}},"loc":{"start":{"line":14,"column":28},"end":{"line":16,"column":5}},"line":14},"3":{"name":"(anonymous_3)","decl":{"start":{"line":17,"column":4},"end":{"line":17,"column":5}},"loc":{"start":{"line":17,"column":11},"end":{"line":19,"column":5}},"line":17}},"branchMap":{"0":{"loc":{"start":{"line":1,"column":17},"end":{"line":6,"column":1}},"type":"binary-expr","locations":[{"start":{"line":1,"column":18},"end":{"line":1,"column":22}},{"start":{"line":1,"column":26},"end":{"line":1,"column":41}},{"start":{"line":1,"column":46},"end":{"line":6,"column":1}}],"line":1},"1":{"loc":{"start":{"line":2,"column":34},"end":{"line":2,"column":125}},"type":"cond-expr","locations":[{"start":{"line":2,"column":42},"end":{"line":2,"column":48}},{"start":{"line":2,"column":51},"end":{"line":2,"column":125}}],"line":2},"2":{"loc":{"start":{"line":2,"column":51},"end":{"line":2,"column":125}},"type":"cond-expr","locations":[{"start":{"line":2,"column":67},"end":{"line":2,"column":118}},{"start":{"line":2,"column":121},"end":{"line":2,"column":125}}],"line":2},"3":{"loc":{"start":{"line":3,"column":4},"end":{"line":4,"column":150}},"type":"if","locations":[{"start":{"line":3,"column":4},"end":{"line":4,"column":150}},{"start":{"line":3,"column":4},"end":{"line":4,"column":150}}],"line":3},"4":{"loc":{"start":{"line":3,"column":8},"end":{"line":3,"column":77}},"type":"binary-expr","locations":[{"start":{"line":3,"column":8},"end":{"line":3,"column":35}},{"start":{"line":3,"column":39},"end":{"line":3,"column":77}}],"line":3},"5":{"loc":{"start":{"line":4,"column":58},"end":{"line":4,"column":150}},"type":"if","locations":[{"start":{"line":4,"column":58},"end":{"line":4,"column":150}},{"start":{"line":4,"column":58},"end":{"line":4,"column":150}}],"line":4},"6":{"loc":{"start":{"line":4,"column":85},"end":{"line":4,"column":149}},"type":"binary-expr","locations":[{"start":{"line":4,"column":86},"end":{"line":4,"column":143}},{"start":{"line":4,"column":148},"end":{"line":4,"column":149}}],"line":4},"7":{"loc":{"start":{"line":4,"column":86},"end":{"line":4,"column":143}},"type":"cond-expr","locations":[{"start":{"line":4,"column":94},"end":{"line":4,"column":98}},{"start":{"line":4,"column":101},"end":{"line":4,"column":143}}],"line":4},"8":{"loc":{"start":{"line":4,"column":101},"end":{"line":4,"column":143}},"type":"cond-expr","locations":[{"start":{"line":4,"column":109},"end":{"line":4,"column":126}},{"start":{"line":4,"column":129},"end":{"line":4,"column":143}}],"line":4},"9":{"loc":{"start":{"line":5,"column":11},"end":{"line":5,"column":62}},"type":"binary-expr","locations":[{"start":{"line":5,"column":11},"end":{"line":5,"column":16}},{"start":{"line":5,"column":20},"end":{"line":5,"column":21}},{"start":{"line":5,"column":25},"end":{"line":5,"column":62}}],"line":5},"10":{"loc":{"start":{"line":7,"column":17},"end":{"line":9,"column":1}},"type":"binary-expr","locations":[{"start":{"line":7,"column":18},"end":{"line":7,"column":22}},{"start":{"line":7,"column":26},"end":{"line":7,"column":41}},{"start":{"line":7,"column":46},"end":{"line":9,"column":1}}],"line":7},"11":{"loc":{"start":{"line":8,"column":4},"end":{"line":8,"column":109}},"type":"if","locations":[{"start":{"line":8,"column":4},"end":{"line":8,"column":109}},{"start":{"line":8,"column":4},"end":{"line":8,"column":109}}],"line":8},"12":{"loc":{"start":{"line":8,"column":8},"end":{"line":8,"column":77}},"type":"binary-expr","locations":[{"start":{"line":8,"column":8},"end":{"line":8,"column":35}},{"start":{"line":8,"column":39},"end":{"line":8,"column":77}}],"line":8},"13":{"loc":{"start":{"line":29,"column":37},"end":{"line":29,"column":129}},"type":"binary-expr","locations":[{"start":{"line":29,"column":37},"end":{"line":29,"column":113}},{"start":{"line":29,"column":117},"end":{"line":29,"column":119}},{"start":{"line":29,"column":123},"end":{"line":29,"column":129}}],"line":29},"14":{"loc":{"start":{"line":29,"column":50},"end":{"line":29,"column":97}},"type":"binary-expr","locations":[{"start":{"line":29,"column":50},"end":{"line":29,"column":83}},{"start":{"line":29,"column":87},"end":{"line":29,"column":97}}],"line":29}},"s":{"0":1,"1":2,"2":2,"3":2,"4":2,"5":0,"6":0,"7":0,"8":2,"9":1,"10":4,"11":4,"12":1,"13":1,"14":1,"15":1,"16":1},"f":{"0":2,"1":4,"2":1,"3":1},"b":{"0":[1,0,1],"1":[1,1],"2":[1,0],"3":[2,0],"4":[2,2],"5":[0,0],"6":[0,0],"7":[0,0],"8":[0,0],"9":[2,1,1],"10":[1,0,1],"11":[4,0],"12":[4,4],"13":[1,1,0],"14":[1,1]},"inputSourceMap":{"version":3,"file":"app.controller.js","sourceRoot":"","sources":["app.controller.ts"],"names":[],"mappings":";;;;;;;;;;AAAA,OAAO,EAAE,GAAG,EAAE,UAAU,EAAE,MAAM,gBAAgB,CAAC;AACjD,OAAO,EAAE,UAAU,EAAE,MAAM,eAAe,CAAC;AAG3C,IAAa,aAAa,GAA1B;IACE,YAA6B,UAAsB;QAAtB,eAAU,GAAV,UAAU,CAAY;IAAG,CAAC;IAGvD,IAAI;QACF,OAAO,IAAI,CAAC,UAAU,CAAC,IAAI,EAAE,CAAC;IAChC,CAAC;CACF,CAAA;AAHC;IADC,GAAG,EAAE;;;;yCAGL;AANU,aAAa;IADzB,UAAU,EAAE;yDAE8B,UAAU,oBAAV,UAAU;GADxC,aAAa,CAOzB;SAPY,aAAa","sourcesContent":["import { Get, Controller } from '@nestjs/common';\nimport { AppService } from './app.service';\n\n@Controller()\nexport class AppController {\n  constructor(private readonly appService: AppService) {}\n\n  @Get()\n  root(): string {\n    return this.appService.root();\n  }\n}\n"]},"_coverageSchema":"332fd63041d2c1bcb487cc26dd0d5f7d97098a6c","hash":"c5c8d28759afa48d27b555cb496d56effc305d79"}
,"C:\\Projects\\backend-homework\\src\\app.service.ts": {"path":"C:\\Projects\\backend-homework\\src\\app.service.ts","statementMap":{"0":{"start":{"line":1,"column":17},"end":{"line":6,"column":1}},"1":{"start":{"line":2,"column":12},"end":{"line":2,"column":28}},"2":{"start":{"line":2,"column":34},"end":{"line":2,"column":125}},"3":{"start":{"line":3,"column":4},"end":{"line":4,"column":150}},"4":{"start":{"line":3,"column":79},"end":{"line":3,"column":131}},"5":{"start":{"line":4,"column":9},"end":{"line":4,"column":150}},"6":{"start":{"line":4,"column":58},"end":{"line":4,"column":150}},"7":{"start":{"line":4,"column":81},"end":{"line":4,"column":150}},"8":{"start":{"line":5,"column":4},"end":{"line":5,"column":66}},"9":{"start":{"line":8,"column":17},"end":{"line":12,"column":1}},"10":{"start":{"line":10,"column":8},"end":{"line":10,"column":30}},"11":{"start":{"line":13,"column":0},"end":{"line":15,"column":15}}},"fnMap":{"0":{"name":"(anonymous_0)","decl":{"start":{"line":1,"column":46},"end":{"line":1,"column":47}},"loc":{"start":{"line":1,"column":87},"end":{"line":6,"column":1}},"line":1},"1":{"name":"(anonymous_1)","decl":{"start":{"line":9,"column":4},"end":{"line":9,"column":5}},"loc":{"start":{"line":9,"column":11},"end":{"line":11,"column":5}},"line":9}},"branchMap":{"0":{"loc":{"start":{"line":1,"column":17},"end":{"line":6,"column":1}},"type":"binary-expr","locations":[{"start":{"line":1,"column":18},"end":{"line":1,"column":22}},{"start":{"line":1,"column":26},"end":{"line":1,"column":41}},{"start":{"line":1,"column":46},"end":{"line":6,"column":1}}],"line":1},"1":{"loc":{"start":{"line":2,"column":34},"end":{"line":2,"column":125}},"type":"cond-expr","locations":[{"start":{"line":2,"column":42},"end":{"line":2,"column":48}},{"start":{"line":2,"column":51},"end":{"line":2,"column":125}}],"line":2},"2":{"loc":{"start":{"line":2,"column":51},"end":{"line":2,"column":125}},"type":"cond-expr","locations":[{"start":{"line":2,"column":67},"end":{"line":2,"column":118}},{"start":{"line":2,"column":121},"end":{"line":2,"column":125}}],"line":2},"3":{"loc":{"start":{"line":3,"column":4},"end":{"line":4,"column":150}},"type":"if","locations":[{"start":{"line":3,"column":4},"end":{"line":4,"column":150}},{"start":{"line":3,"column":4},"end":{"line":4,"column":150}}],"line":3},"4":{"loc":{"start":{"line":3,"column":8},"end":{"line":3,"column":77}},"type":"binary-expr","locations":[{"start":{"line":3,"column":8},"end":{"line":3,"column":35}},{"start":{"line":3,"column":39},"end":{"line":3,"column":77}}],"line":3},"5":{"loc":{"start":{"line":4,"column":58},"end":{"line":4,"column":150}},"type":"if","locations":[{"start":{"line":4,"column":58},"end":{"line":4,"column":150}},{"start":{"line":4,"column":58},"end":{"line":4,"column":150}}],"line":4},"6":{"loc":{"start":{"line":4,"column":85},"end":{"line":4,"column":149}},"type":"binary-expr","locations":[{"start":{"line":4,"column":86},"end":{"line":4,"column":143}},{"start":{"line":4,"column":148},"end":{"line":4,"column":149}}],"line":4},"7":{"loc":{"start":{"line":4,"column":86},"end":{"line":4,"column":143}},"type":"cond-expr","locations":[{"start":{"line":4,"column":94},"end":{"line":4,"column":98}},{"start":{"line":4,"column":101},"end":{"line":4,"column":143}}],"line":4},"8":{"loc":{"start":{"line":4,"column":101},"end":{"line":4,"column":143}},"type":"cond-expr","locations":[{"start":{"line":4,"column":109},"end":{"line":4,"column":126}},{"start":{"line":4,"column":129},"end":{"line":4,"column":143}}],"line":4},"9":{"loc":{"start":{"line":5,"column":11},"end":{"line":5,"column":62}},"type":"binary-expr","locations":[{"start":{"line":5,"column":11},"end":{"line":5,"column":16}},{"start":{"line":5,"column":20},"end":{"line":5,"column":21}},{"start":{"line":5,"column":25},"end":{"line":5,"column":62}}],"line":5}},"s":{"0":1,"1":1,"2":1,"3":1,"4":1,"5":0,"6":0,"7":0,"8":1,"9":1,"10":1,"11":1},"f":{"0":1,"1":1},"b":{"0":[1,0,1],"1":[1,0],"2":[0,0],"3":[1,0],"4":[1,1],"5":[0,0],"6":[0,0],"7":[0,0],"8":[0,0],"9":[1,0,0]},"inputSourceMap":{"version":3,"file":"app.service.js","sourceRoot":"","sources":["app.service.ts"],"names":[],"mappings":";;;;;;AAAA,OAAO,EAAE,UAAU,EAAE,MAAM,gBAAgB,CAAC;AAG5C,IAAa,UAAU,GAAvB;IACE,IAAI;QACF,OAAO,cAAc,CAAC;IACxB,CAAC;CACF,CAAA;AAJY,UAAU;IADtB,UAAU,EAAE;GACA,UAAU,CAItB;SAJY,UAAU","sourcesContent":["import { Injectable } from '@nestjs/common';\n\n@Injectable()\nexport class AppService {\n  root(): string {\n    return 'Hello World!';\n  }\n}\n"]},"_coverageSchema":"332fd63041d2c1bcb487cc26dd0d5f7d97098a6c","hash":"7d75fa43c81c97b47d2fc5c0ed05afe9965c18fe"}
,"C:\\Projects\\backend-homework\\src\\notes\\notes.controller.ts": {"path":"C:\\Projects\\backend-homework\\src\\notes\\notes.controller.ts","statementMap":{"0":{"start":{"line":1,"column":17},"end":{"line":6,"column":1}},"1":{"start":{"line":2,"column":12},"end":{"line":2,"column":28}},"2":{"start":{"line":2,"column":34},"end":{"line":2,"column":125}},"3":{"start":{"line":3,"column":4},"end":{"line":4,"column":150}},"4":{"start":{"line":3,"column":79},"end":{"line":3,"column":131}},"5":{"start":{"line":4,"column":9},"end":{"line":4,"column":150}},"6":{"start":{"line":4,"column":58},"end":{"line":4,"column":150}},"7":{"start":{"line":4,"column":81},"end":{"line":4,"column":150}},"8":{"start":{"line":5,"column":4},"end":{"line":5,"column":66}},"9":{"start":{"line":7,"column":17},"end":{"line":9,"column":1}},"10":{"start":{"line":8,"column":4},"end":{"line":8,"column":109}},"11":{"start":{"line":8,"column":79},"end":{"line":8,"column":109}},"12":{"start":{"line":10,"column":14},"end":{"line":12,"column":1}},"13":{"start":{"line":11,"column":4},"end":{"line":11,"column":73}},"14":{"start":{"line":11,"column":36},"end":{"line":11,"column":71}},"15":{"start":{"line":13,"column":16},"end":{"line":20,"column":1}},"16":{"start":{"line":14,"column":4},"end":{"line":19,"column":7}},"17":{"start":{"line":15,"column":36},"end":{"line":15,"column":97}},"18":{"start":{"line":15,"column":42},"end":{"line":15,"column":70}},"19":{"start":{"line":15,"column":85},"end":{"line":15,"column":95}},"20":{"start":{"line":16,"column":35},"end":{"line":16,"column":100}},"21":{"start":{"line":16,"column":41},"end":{"line":16,"column":73}},"22":{"start":{"line":16,"column":88},"end":{"line":16,"column":98}},"23":{"start":{"line":17,"column":32},"end":{"line":17,"column":149}},"24":{"start":{"line":17,"column":97},"end":{"line":17,"column":119}},"25":{"start":{"line":18,"column":8},"end":{"line":18,"column":78}},"26":{"start":{"line":25,"column":22},"end":{"line":55,"column":1}},"27":{"start":{"line":27,"column":8},"end":{"line":27,"column":41}},"28":{"start":{"line":30,"column":8},"end":{"line":33,"column":11}},"29":{"start":{"line":31,"column":12},"end":{"line":31,"column":51}},"30":{"start":{"line":32,"column":12},"end":{"line":32,"column":52}},"31":{"start":{"line":36,"column":8},"end":{"line":38,"column":11}},"32":{"start":{"line":37,"column":12},"end":{"line":37,"column":53}},"33":{"start":{"line":41,"column":8},"end":{"line":43,"column":11}},"34":{"start":{"line":42,"column":12},"end":{"line":42,"column":41}},"35":{"start":{"line":46,"column":8},"end":{"line":48,"column":11}},"36":{"start":{"line":47,"column":12},"end":{"line":47,"column":47}},"37":{"start":{"line":51,"column":8},"end":{"line":53,"column":11}},"38":{"start":{"line":52,"column":12},"end":{"line":52,"column":52}},"39":{"start":{"line":56,"column":0},"end":{"line":62,"column":46}},"40":{"start":{"line":63,"column":0},"end":{"line":69,"column":46}},"41":{"start":{"line":70,"column":0},"end":{"line":76,"column":46}},"42":{"start":{"line":77,"column":0},"end":{"line":82,"column":47}},"43":{"start":{"line":83,"column":0},"end":{"line":89,"column":44}},"44":{"start":{"line":90,"column":0},"end":{"line":93,"column":20}}},"fnMap":{"0":{"name":"(anonymous_0)","decl":{"start":{"line":1,"column":46},"end":{"line":1,"column":47}},"loc":{"start":{"line":1,"column":87},"end":{"line":6,"column":1}},"line":1},"1":{"name":"(anonymous_1)","decl":{"start":{"line":7,"column":46},"end":{"line":7,"column":47}},"loc":{"start":{"line":7,"column":62},"end":{"line":9,"column":1}},"line":7},"2":{"name":"(anonymous_2)","decl":{"start":{"line":10,"column":40},"end":{"line":10,"column":41}},"loc":{"start":{"line":10,"column":73},"end":{"line":12,"column":1}},"line":10},"3":{"name":"(anonymous_3)","decl":{"start":{"line":11,"column":11},"end":{"line":11,"column":12}},"loc":{"start":{"line":11,"column":34},"end":{"line":11,"column":73}},"line":11},"4":{"name":"(anonymous_4)","decl":{"start":{"line":13,"column":44},"end":{"line":13,"column":45}},"loc":{"start":{"line":13,"column":89},"end":{"line":20,"column":1}},"line":13},"5":{"name":"(anonymous_5)","decl":{"start":{"line":14,"column":36},"end":{"line":14,"column":37}},"loc":{"start":{"line":14,"column":63},"end":{"line":19,"column":5}},"line":14},"6":{"name":"fulfilled","decl":{"start":{"line":15,"column":17},"end":{"line":15,"column":26}},"loc":{"start":{"line":15,"column":34},"end":{"line":15,"column":99}},"line":15},"7":{"name":"rejected","decl":{"start":{"line":16,"column":17},"end":{"line":16,"column":25}},"loc":{"start":{"line":16,"column":33},"end":{"line":16,"column":102}},"line":16},"8":{"name":"step","decl":{"start":{"line":17,"column":17},"end":{"line":17,"column":21}},"loc":{"start":{"line":17,"column":30},"end":{"line":17,"column":151}},"line":17},"9":{"name":"(anonymous_9)","decl":{"start":{"line":17,"column":76},"end":{"line":17,"column":77}},"loc":{"start":{"line":17,"column":95},"end":{"line":17,"column":121}},"line":17},"10":{"name":"(anonymous_10)","decl":{"start":{"line":26,"column":4},"end":{"line":26,"column":5}},"loc":{"start":{"line":26,"column":30},"end":{"line":28,"column":5}},"line":26},"11":{"name":"(anonymous_11)","decl":{"start":{"line":29,"column":4},"end":{"line":29,"column":5}},"loc":{"start":{"line":29,"column":26},"end":{"line":34,"column":5}},"line":29},"12":{"name":"(anonymous_12)","decl":{"start":{"line":30,"column":47},"end":{"line":30,"column":48}},"loc":{"start":{"line":30,"column":60},"end":{"line":33,"column":9}},"line":30},"13":{"name":"(anonymous_13)","decl":{"start":{"line":35,"column":4},"end":{"line":35,"column":5}},"loc":{"start":{"line":35,"column":27},"end":{"line":39,"column":5}},"line":35},"14":{"name":"(anonymous_14)","decl":{"start":{"line":36,"column":47},"end":{"line":36,"column":48}},"loc":{"start":{"line":36,"column":60},"end":{"line":38,"column":9}},"line":36},"15":{"name":"(anonymous_15)","decl":{"start":{"line":40,"column":4},"end":{"line":40,"column":5}},"loc":{"start":{"line":40,"column":15},"end":{"line":44,"column":5}},"line":40},"16":{"name":"(anonymous_16)","decl":{"start":{"line":41,"column":47},"end":{"line":41,"column":48}},"loc":{"start":{"line":41,"column":60},"end":{"line":43,"column":9}},"line":41},"17":{"name":"(anonymous_17)","decl":{"start":{"line":45,"column":4},"end":{"line":45,"column":5}},"loc":{"start":{"line":45,"column":14},"end":{"line":49,"column":5}},"line":45},"18":{"name":"(anonymous_18)","decl":{"start":{"line":46,"column":47},"end":{"line":46,"column":48}},"loc":{"start":{"line":46,"column":60},"end":{"line":48,"column":9}},"line":46},"19":{"name":"(anonymous_19)","decl":{"start":{"line":50,"column":4},"end":{"line":50,"column":5}},"loc":{"start":{"line":50,"column":19},"end":{"line":54,"column":5}},"line":50},"20":{"name":"(anonymous_20)","decl":{"start":{"line":51,"column":47},"end":{"line":51,"column":48}},"loc":{"start":{"line":51,"column":60},"end":{"line":53,"column":9}},"line":51}},"branchMap":{"0":{"loc":{"start":{"line":1,"column":17},"end":{"line":6,"column":1}},"type":"binary-expr","locations":[{"start":{"line":1,"column":18},"end":{"line":1,"column":22}},{"start":{"line":1,"column":26},"end":{"line":1,"column":41}},{"start":{"line":1,"column":46},"end":{"line":6,"column":1}}],"line":1},"1":{"loc":{"start":{"line":2,"column":34},"end":{"line":2,"column":125}},"type":"cond-expr","locations":[{"start":{"line":2,"column":42},"end":{"line":2,"column":48}},{"start":{"line":2,"column":51},"end":{"line":2,"column":125}}],"line":2},"2":{"loc":{"start":{"line":2,"column":51},"end":{"line":2,"column":125}},"type":"cond-expr","locations":[{"start":{"line":2,"column":67},"end":{"line":2,"column":118}},{"start":{"line":2,"column":121},"end":{"line":2,"column":125}}],"line":2},"3":{"loc":{"start":{"line":3,"column":4},"end":{"line":4,"column":150}},"type":"if","locations":[{"start":{"line":3,"column":4},"end":{"line":4,"column":150}},{"start":{"line":3,"column":4},"end":{"line":4,"column":150}}],"line":3},"4":{"loc":{"start":{"line":3,"column":8},"end":{"line":3,"column":77}},"type":"binary-expr","locations":[{"start":{"line":3,"column":8},"end":{"line":3,"column":35}},{"start":{"line":3,"column":39},"end":{"line":3,"column":77}}],"line":3},"5":{"loc":{"start":{"line":4,"column":58},"end":{"line":4,"column":150}},"type":"if","locations":[{"start":{"line":4,"column":58},"end":{"line":4,"column":150}},{"start":{"line":4,"column":58},"end":{"line":4,"column":150}}],"line":4},"6":{"loc":{"start":{"line":4,"column":85},"end":{"line":4,"column":149}},"type":"binary-expr","locations":[{"start":{"line":4,"column":86},"end":{"line":4,"column":143}},{"start":{"line":4,"column":148},"end":{"line":4,"column":149}}],"line":4},"7":{"loc":{"start":{"line":4,"column":86},"end":{"line":4,"column":143}},"type":"cond-expr","locations":[{"start":{"line":4,"column":94},"end":{"line":4,"column":98}},{"start":{"line":4,"column":101},"end":{"line":4,"column":143}}],"line":4},"8":{"loc":{"start":{"line":4,"column":101},"end":{"line":4,"column":143}},"type":"cond-expr","locations":[{"start":{"line":4,"column":109},"end":{"line":4,"column":126}},{"start":{"line":4,"column":129},"end":{"line":4,"column":143}}],"line":4},"9":{"loc":{"start":{"line":5,"column":11},"end":{"line":5,"column":62}},"type":"binary-expr","locations":[{"start":{"line":5,"column":11},"end":{"line":5,"column":16}},{"start":{"line":5,"column":20},"end":{"line":5,"column":21}},{"start":{"line":5,"column":25},"end":{"line":5,"column":62}}],"line":5},"10":{"loc":{"start":{"line":7,"column":17},"end":{"line":9,"column":1}},"type":"binary-expr","locations":[{"start":{"line":7,"column":18},"end":{"line":7,"column":22}},{"start":{"line":7,"column":26},"end":{"line":7,"column":41}},{"start":{"line":7,"column":46},"end":{"line":9,"column":1}}],"line":7},"11":{"loc":{"start":{"line":8,"column":4},"end":{"line":8,"column":109}},"type":"if","locations":[{"start":{"line":8,"column":4},"end":{"line":8,"column":109}},{"start":{"line":8,"column":4},"end":{"line":8,"column":109}}],"line":8},"12":{"loc":{"start":{"line":8,"column":8},"end":{"line":8,"column":77}},"type":"binary-expr","locations":[{"start":{"line":8,"column":8},"end":{"line":8,"column":35}},{"start":{"line":8,"column":39},"end":{"line":8,"column":77}}],"line":8},"13":{"loc":{"start":{"line":10,"column":14},"end":{"line":12,"column":1}},"type":"binary-expr","locations":[{"start":{"line":10,"column":15},"end":{"line":10,"column":19}},{"start":{"line":10,"column":23},"end":{"line":10,"column":35}},{"start":{"line":10,"column":40},"end":{"line":12,"column":1}}],"line":10},"14":{"loc":{"start":{"line":13,"column":16},"end":{"line":20,"column":1}},"type":"binary-expr","locations":[{"start":{"line":13,"column":17},"end":{"line":13,"column":21}},{"start":{"line":13,"column":25},"end":{"line":13,"column":39}},{"start":{"line":13,"column":44},"end":{"line":20,"column":1}}],"line":13},"15":{"loc":{"start":{"line":14,"column":16},"end":{"line":14,"column":34}},"type":"binary-expr","locations":[{"start":{"line":14,"column":16},"end":{"line":14,"column":17}},{"start":{"line":14,"column":22},"end":{"line":14,"column":33}}],"line":14},"16":{"loc":{"start":{"line":17,"column":32},"end":{"line":17,"column":148}},"type":"cond-expr","locations":[{"start":{"line":17,"column":46},"end":{"line":17,"column":67}},{"start":{"line":17,"column":70},"end":{"line":17,"column":148}}],"line":17},"17":{"loc":{"start":{"line":18,"column":51},"end":{"line":18,"column":67}},"type":"binary-expr","locations":[{"start":{"line":18,"column":51},"end":{"line":18,"column":61}},{"start":{"line":18,"column":65},"end":{"line":18,"column":67}}],"line":18},"18":{"loc":{"start":{"line":60,"column":37},"end":{"line":60,"column":135}},"type":"binary-expr","locations":[{"start":{"line":60,"column":37},"end":{"line":60,"column":119}},{"start":{"line":60,"column":123},"end":{"line":60,"column":125}},{"start":{"line":60,"column":129},"end":{"line":60,"column":135}}],"line":60},"19":{"loc":{"start":{"line":60,"column":50},"end":{"line":60,"column":103}},"type":"binary-expr","locations":[{"start":{"line":60,"column":50},"end":{"line":60,"column":86}},{"start":{"line":60,"column":90},"end":{"line":60,"column":103}}],"line":60},"20":{"loc":{"start":{"line":81,"column":36},"end":{"line":81,"column":122}},"type":"binary-expr","locations":[{"start":{"line":81,"column":36},"end":{"line":81,"column":106}},{"start":{"line":81,"column":110},"end":{"line":81,"column":112}},{"start":{"line":81,"column":116},"end":{"line":81,"column":122}}],"line":81},"21":{"loc":{"start":{"line":81,"column":49},"end":{"line":81,"column":90}},"type":"binary-expr","locations":[{"start":{"line":81,"column":49},"end":{"line":81,"column":79}},{"start":{"line":81,"column":83},"end":{"line":81,"column":90}}],"line":81},"22":{"loc":{"start":{"line":88,"column":36},"end":{"line":88,"column":122}},"type":"binary-expr","locations":[{"start":{"line":88,"column":36},"end":{"line":88,"column":106}},{"start":{"line":88,"column":110},"end":{"line":88,"column":112}},{"start":{"line":88,"column":116},"end":{"line":88,"column":122}}],"line":88},"23":{"loc":{"start":{"line":88,"column":49},"end":{"line":88,"column":90}},"type":"binary-expr","locations":[{"start":{"line":88,"column":49},"end":{"line":88,"column":79}},{"start":{"line":88,"column":83},"end":{"line":88,"column":90}}],"line":88},"24":{"loc":{"start":{"line":92,"column":37},"end":{"line":92,"column":133}},"type":"binary-expr","locations":[{"start":{"line":92,"column":37},"end":{"line":92,"column":117}},{"start":{"line":92,"column":121},"end":{"line":92,"column":123}},{"start":{"line":92,"column":127},"end":{"line":92,"column":133}}],"line":92},"25":{"loc":{"start":{"line":92,"column":50},"end":{"line":92,"column":101}},"type":"binary-expr","locations":[{"start":{"line":92,"column":50},"end":{"line":92,"column":85}},{"start":{"line":92,"column":89},"end":{"line":92,"column":101}}],"line":92}},"s":{"0":1,"1":6,"2":6,"3":6,"4":6,"5":0,"6":0,"7":0,"8":6,"9":1,"10":16,"11":16,"12":1,"13":5,"14":5,"15":1,"16":5,"17":0,"18":0,"19":0,"20":0,"21":0,"22":0,"23":5,"24":0,"25":5,"26":1,"27":5,"28":1,"29":1,"30":1,"31":1,"32":1,"33":1,"34":1,"35":1,"36":1,"37":1,"38":1,"39":1,"40":1,"41":1,"42":1,"43":1,"44":1},"f":{"0":6,"1":16,"2":5,"3":5,"4":5,"5":5,"6":0,"7":0,"8":5,"9":0,"10":5,"11":1,"12":1,"13":1,"14":1,"15":1,"16":1,"17":1,"18":1,"19":1,"20":1},"b":{"0":[1,0,1],"1":[1,5],"2":[5,0],"3":[6,0],"4":[6,6],"5":[0,0],"6":[0,0],"7":[0,0],"8":[0,0],"9":[6,5,5],"10":[1,0,1],"11":[16,0],"12":[16,16],"13":[1,0,1],"14":[1,0,1],"15":[5,5],"16":[5,0],"17":[5,5],"18":[1,1,0],"19":[1,1],"20":[1,1,0],"21":[1,1],"22":[1,1,0],"23":[1,1],"24":[1,1,0],"25":[1,1]},"inputSourceMap":{"version":3,"file":"notes.controller.js","sourceRoot":"","sources":["notes.controller.ts"],"names":[],"mappings":";;;;;;;;;;;;;;;;;;;;;AAAA,OAAO,EAAE,UAAU,EAAE,GAAG,EAAE,IAAI,EAAE,IAAI,EAAE,KAAK,EAAE,KAAK,EAAE,MAAM,EAAE,MAAM,gBAAgB,CAAC;AACnF,OAAO,EAAE,aAAa,EAAE,MAAM,uBAAuB,CAAC;AACtD,OAAO,EAAE,YAAY,EAAE,MAAM,iBAAiB,CAAC;AAI/C,IAAa,eAAe,GAA5B;IACE,YAA6B,YAA0B;QAA1B,iBAAY,GAAZ,YAAY,CAAc;IAAG,CAAC;IAGrD,MAAM,CAAS,aAA4B;;YAC/C,aAAa,CAAC,WAAW,GAAG,IAAI,IAAI,EAAE,CAAC;YACvC,IAAI,CAAC,YAAY,CAAC,MAAM,CAAC,aAAa,CAAC,CAAC;QAC1C,CAAC;KAAA;IAGK,MAAM,CAAc,EAAE,EAAU,UAAU;;YAC9C,IAAI,CAAC,YAAY,CAAC,MAAM,CAAC,EAAE,EAAE,UAAU,CAAC,CAAC;QAC3C,CAAC;KAAA;IAGK,MAAM,CAAc,EAAE;;YAC1B,IAAI,CAAC,YAAY,CAAC,MAAM,CAAC,EAAE,CAAC,CAAC;QAC/B,CAAC;KAAA;IAGK,OAAO;;YACX,OAAO,IAAI,CAAC,YAAY,CAAC,OAAO,EAAE,CAAC;QACrC,CAAC;KAAA;IAGK,IAAI,CAAoB,QAAQ;;YACpC,OAAO,IAAI,CAAC,YAAY,CAAC,IAAI,CAAC,QAAQ,CAAC,CAAC;QAC1C,CAAC;KAAA;CAEF,CAAA;AAzBC;IADC,IAAI,EAAE;IACO,WAAA,IAAI,EAAE,CAAA;;yDAAgB,aAAa,oBAAb,aAAa;;6CAGhD;AAGD;IADC,KAAK,CAAC,KAAK,CAAC;IACC,WAAA,KAAK,CAAC,IAAI,CAAC,CAAA,EAAM,WAAA,IAAI,EAAE,CAAA;;;;6CAEpC;AAGD;IADC,MAAM,CAAC,KAAK,CAAC;IACA,WAAA,KAAK,CAAC,IAAI,CAAC,CAAA;;;;6CAExB;AAGD;IADC,GAAG,EAAE;;;wDACW,OAAO,oBAAP,OAAO;8CAEvB;AAGD;IADC,GAAG,CAAC,WAAW,CAAC;IACL,WAAA,KAAK,CAAC,UAAU,CAAC,CAAA;;;wDAAW,OAAO,oBAAP,OAAO;2CAE9C;AA3BU,eAAe;IAD3B,UAAU,CAAC,OAAO,CAAC;yDAEyB,YAAY,oBAAZ,YAAY;GAD5C,eAAe,CA6B3B;SA7BY,eAAe","sourcesContent":["import { Controller, Get, Post, Body, Param, Patch, Delete } from '@nestjs/common';\r\nimport { CreateNoteDto } from './dto/create-note.dto';\r\nimport { NotesService } from './notes.service';\r\nimport { Note } from './interfaces/note.interface';\r\n\r\n@Controller('notes')\r\nexport class NotesController {\r\n  constructor(private readonly notesService: NotesService) {}\r\n\r\n  @Post()\r\n  async create(@Body() createNoteDto: CreateNoteDto) {\r\n    createNoteDto.createdDate = new Date();\r\n    this.notesService.create(createNoteDto);\r\n  }\r\n\r\n  @Patch(':id')\r\n  async update(@Param('id') id, @Body() updateNote) {\r\n    this.notesService.update(id, updateNote);\r\n  }\r\n\r\n  @Delete(':id')\r\n  async delete(@Param('id') id) {\r\n    this.notesService.delete(id);\r\n  }\r\n\r\n  @Get()\r\n  async findAll(): Promise<Note[]> {\r\n    return this.notesService.findAll();\r\n  }\r\n  \r\n  @Get(':username')\r\n  async find(@Param('username') username):Promise<Note[]> {\r\n    return this.notesService.find(username);\r\n  }\r\n\r\n}"]},"_coverageSchema":"332fd63041d2c1bcb487cc26dd0d5f7d97098a6c","hash":"1e94d5539aedaaf3491d8d78649368492dee6d41"}
,"C:\\Projects\\backend-homework\\src\\notes\\notes.service.ts": {"path":"C:\\Projects\\backend-homework\\src\\notes\\notes.service.ts","statementMap":{"0":{"start":{"line":1,"column":17},"end":{"line":6,"column":1}},"1":{"start":{"line":2,"column":12},"end":{"line":2,"column":28}},"2":{"start":{"line":2,"column":34},"end":{"line":2,"column":125}},"3":{"start":{"line":3,"column":4},"end":{"line":4,"column":150}},"4":{"start":{"line":3,"column":79},"end":{"line":3,"column":131}},"5":{"start":{"line":4,"column":9},"end":{"line":4,"column":150}},"6":{"start":{"line":4,"column":58},"end":{"line":4,"column":150}},"7":{"start":{"line":4,"column":81},"end":{"line":4,"column":150}},"8":{"start":{"line":5,"column":4},"end":{"line":5,"column":66}},"9":{"start":{"line":7,"column":17},"end":{"line":9,"column":1}},"10":{"start":{"line":8,"column":4},"end":{"line":8,"column":109}},"11":{"start":{"line":8,"column":79},"end":{"line":8,"column":109}},"12":{"start":{"line":10,"column":14},"end":{"line":12,"column":1}},"13":{"start":{"line":11,"column":4},"end":{"line":11,"column":73}},"14":{"start":{"line":11,"column":36},"end":{"line":11,"column":71}},"15":{"start":{"line":13,"column":16},"end":{"line":20,"column":1}},"16":{"start":{"line":14,"column":4},"end":{"line":19,"column":7}},"17":{"start":{"line":15,"column":36},"end":{"line":15,"column":97}},"18":{"start":{"line":15,"column":42},"end":{"line":15,"column":70}},"19":{"start":{"line":15,"column":85},"end":{"line":15,"column":95}},"20":{"start":{"line":16,"column":35},"end":{"line":16,"column":100}},"21":{"start":{"line":16,"column":41},"end":{"line":16,"column":73}},"22":{"start":{"line":16,"column":88},"end":{"line":16,"column":98}},"23":{"start":{"line":17,"column":32},"end":{"line":17,"column":149}},"24":{"start":{"line":17,"column":97},"end":{"line":17,"column":119}},"25":{"start":{"line":18,"column":8},"end":{"line":18,"column":78}},"26":{"start":{"line":24,"column":19},"end":{"line":57,"column":1}},"27":{"start":{"line":26,"column":8},"end":{"line":26,"column":35}},"28":{"start":{"line":29,"column":8},"end":{"line":33,"column":11}},"29":{"start":{"line":30,"column":12},"end":{"line":30,"column":39}},"30":{"start":{"line":31,"column":32},"end":{"line":31,"column":65}},"31":{"start":{"line":32,"column":12},"end":{"line":32,"column":44}},"32":{"start":{"line":36,"column":8},"end":{"line":40,"column":11}},"33":{"start":{"line":37,"column":12},"end":{"line":37,"column":48}},"34":{"start":{"line":38,"column":12},"end":{"line":38,"column":36}},"35":{"start":{"line":39,"column":12},"end":{"line":39,"column":102}},"36":{"start":{"line":43,"column":8},"end":{"line":45,"column":11}},"37":{"start":{"line":44,"column":12},"end":{"line":44,"column":90}},"38":{"start":{"line":48,"column":8},"end":{"line":50,"column":11}},"39":{"start":{"line":49,"column":12},"end":{"line":49,"column":54}},"40":{"start":{"line":53,"column":8},"end":{"line":55,"column":11}},"41":{"start":{"line":54,"column":12},"end":{"line":54,"column":98}},"42":{"start":{"line":58,"column":0},"end":{"line":62,"column":17}}},"fnMap":{"0":{"name":"(anonymous_0)","decl":{"start":{"line":1,"column":46},"end":{"line":1,"column":47}},"loc":{"start":{"line":1,"column":87},"end":{"line":6,"column":1}},"line":1},"1":{"name":"(anonymous_1)","decl":{"start":{"line":7,"column":46},"end":{"line":7,"column":47}},"loc":{"start":{"line":7,"column":62},"end":{"line":9,"column":1}},"line":7},"2":{"name":"(anonymous_2)","decl":{"start":{"line":10,"column":40},"end":{"line":10,"column":41}},"loc":{"start":{"line":10,"column":73},"end":{"line":12,"column":1}},"line":10},"3":{"name":"(anonymous_3)","decl":{"start":{"line":11,"column":11},"end":{"line":11,"column":12}},"loc":{"start":{"line":11,"column":34},"end":{"line":11,"column":73}},"line":11},"4":{"name":"(anonymous_4)","decl":{"start":{"line":13,"column":44},"end":{"line":13,"column":45}},"loc":{"start":{"line":13,"column":89},"end":{"line":20,"column":1}},"line":13},"5":{"name":"(anonymous_5)","decl":{"start":{"line":14,"column":36},"end":{"line":14,"column":37}},"loc":{"start":{"line":14,"column":63},"end":{"line":19,"column":5}},"line":14},"6":{"name":"fulfilled","decl":{"start":{"line":15,"column":17},"end":{"line":15,"column":26}},"loc":{"start":{"line":15,"column":34},"end":{"line":15,"column":99}},"line":15},"7":{"name":"rejected","decl":{"start":{"line":16,"column":17},"end":{"line":16,"column":25}},"loc":{"start":{"line":16,"column":33},"end":{"line":16,"column":102}},"line":16},"8":{"name":"step","decl":{"start":{"line":17,"column":17},"end":{"line":17,"column":21}},"loc":{"start":{"line":17,"column":30},"end":{"line":17,"column":151}},"line":17},"9":{"name":"(anonymous_9)","decl":{"start":{"line":17,"column":76},"end":{"line":17,"column":77}},"loc":{"start":{"line":17,"column":95},"end":{"line":17,"column":121}},"line":17},"10":{"name":"(anonymous_10)","decl":{"start":{"line":25,"column":4},"end":{"line":25,"column":5}},"loc":{"start":{"line":25,"column":27},"end":{"line":27,"column":5}},"line":25},"11":{"name":"(anonymous_11)","decl":{"start":{"line":28,"column":4},"end":{"line":28,"column":5}},"loc":{"start":{"line":28,"column":26},"end":{"line":34,"column":5}},"line":28},"12":{"name":"(anonymous_12)","decl":{"start":{"line":29,"column":47},"end":{"line":29,"column":48}},"loc":{"start":{"line":29,"column":60},"end":{"line":33,"column":9}},"line":29},"13":{"name":"(anonymous_13)","decl":{"start":{"line":35,"column":4},"end":{"line":35,"column":5}},"loc":{"start":{"line":35,"column":27},"end":{"line":41,"column":5}},"line":35},"14":{"name":"(anonymous_14)","decl":{"start":{"line":36,"column":47},"end":{"line":36,"column":48}},"loc":{"start":{"line":36,"column":60},"end":{"line":40,"column":9}},"line":36},"15":{"name":"(anonymous_15)","decl":{"start":{"line":39,"column":75},"end":{"line":39,"column":76}},"loc":{"start":{"line":39,"column":90},"end":{"line":39,"column":93}},"line":39},"16":{"name":"(anonymous_16)","decl":{"start":{"line":42,"column":4},"end":{"line":42,"column":5}},"loc":{"start":{"line":42,"column":15},"end":{"line":46,"column":5}},"line":42},"17":{"name":"(anonymous_17)","decl":{"start":{"line":43,"column":47},"end":{"line":43,"column":48}},"loc":{"start":{"line":43,"column":60},"end":{"line":45,"column":9}},"line":43},"18":{"name":"(anonymous_18)","decl":{"start":{"line":44,"column":63},"end":{"line":44,"column":64}},"loc":{"start":{"line":44,"column":78},"end":{"line":44,"column":81}},"line":44},"19":{"name":"(anonymous_19)","decl":{"start":{"line":47,"column":4},"end":{"line":47,"column":5}},"loc":{"start":{"line":47,"column":14},"end":{"line":51,"column":5}},"line":47},"20":{"name":"(anonymous_20)","decl":{"start":{"line":48,"column":47},"end":{"line":48,"column":48}},"loc":{"start":{"line":48,"column":60},"end":{"line":50,"column":9}},"line":48},"21":{"name":"(anonymous_21)","decl":{"start":{"line":52,"column":4},"end":{"line":52,"column":5}},"loc":{"start":{"line":52,"column":16},"end":{"line":56,"column":5}},"line":52},"22":{"name":"(anonymous_22)","decl":{"start":{"line":53,"column":47},"end":{"line":53,"column":48}},"loc":{"start":{"line":53,"column":60},"end":{"line":55,"column":9}},"line":53},"23":{"name":"(anonymous_23)","decl":{"start":{"line":54,"column":66},"end":{"line":54,"column":67}},"loc":{"start":{"line":54,"column":86},"end":{"line":54,"column":89}},"line":54}},"branchMap":{"0":{"loc":{"start":{"line":1,"column":17},"end":{"line":6,"column":1}},"type":"binary-expr","locations":[{"start":{"line":1,"column":18},"end":{"line":1,"column":22}},{"start":{"line":1,"column":26},"end":{"line":1,"column":41}},{"start":{"line":1,"column":46},"end":{"line":6,"column":1}}],"line":1},"1":{"loc":{"start":{"line":2,"column":34},"end":{"line":2,"column":125}},"type":"cond-expr","locations":[{"start":{"line":2,"column":42},"end":{"line":2,"column":48}},{"start":{"line":2,"column":51},"end":{"line":2,"column":125}}],"line":2},"2":{"loc":{"start":{"line":2,"column":51},"end":{"line":2,"column":125}},"type":"cond-expr","locations":[{"start":{"line":2,"column":67},"end":{"line":2,"column":118}},{"start":{"line":2,"column":121},"end":{"line":2,"column":125}}],"line":2},"3":{"loc":{"start":{"line":3,"column":4},"end":{"line":4,"column":150}},"type":"if","locations":[{"start":{"line":3,"column":4},"end":{"line":4,"column":150}},{"start":{"line":3,"column":4},"end":{"line":4,"column":150}}],"line":3},"4":{"loc":{"start":{"line":3,"column":8},"end":{"line":3,"column":77}},"type":"binary-expr","locations":[{"start":{"line":3,"column":8},"end":{"line":3,"column":35}},{"start":{"line":3,"column":39},"end":{"line":3,"column":77}}],"line":3},"5":{"loc":{"start":{"line":4,"column":58},"end":{"line":4,"column":150}},"type":"if","locations":[{"start":{"line":4,"column":58},"end":{"line":4,"column":150}},{"start":{"line":4,"column":58},"end":{"line":4,"column":150}}],"line":4},"6":{"loc":{"start":{"line":4,"column":85},"end":{"line":4,"column":149}},"type":"binary-expr","locations":[{"start":{"line":4,"column":86},"end":{"line":4,"column":143}},{"start":{"line":4,"column":148},"end":{"line":4,"column":149}}],"line":4},"7":{"loc":{"start":{"line":4,"column":86},"end":{"line":4,"column":143}},"type":"cond-expr","locations":[{"start":{"line":4,"column":94},"end":{"line":4,"column":98}},{"start":{"line":4,"column":101},"end":{"line":4,"column":143}}],"line":4},"8":{"loc":{"start":{"line":4,"column":101},"end":{"line":4,"column":143}},"type":"cond-expr","locations":[{"start":{"line":4,"column":109},"end":{"line":4,"column":126}},{"start":{"line":4,"column":129},"end":{"line":4,"column":143}}],"line":4},"9":{"loc":{"start":{"line":5,"column":11},"end":{"line":5,"column":62}},"type":"binary-expr","locations":[{"start":{"line":5,"column":11},"end":{"line":5,"column":16}},{"start":{"line":5,"column":20},"end":{"line":5,"column":21}},{"start":{"line":5,"column":25},"end":{"line":5,"column":62}}],"line":5},"10":{"loc":{"start":{"line":7,"column":17},"end":{"line":9,"column":1}},"type":"binary-expr","locations":[{"start":{"line":7,"column":18},"end":{"line":7,"column":22}},{"start":{"line":7,"column":26},"end":{"line":7,"column":41}},{"start":{"line":7,"column":46},"end":{"line":9,"column":1}}],"line":7},"11":{"loc":{"start":{"line":8,"column":4},"end":{"line":8,"column":109}},"type":"if","locations":[{"start":{"line":8,"column":4},"end":{"line":8,"column":109}},{"start":{"line":8,"column":4},"end":{"line":8,"column":109}}],"line":8},"12":{"loc":{"start":{"line":8,"column":8},"end":{"line":8,"column":77}},"type":"binary-expr","locations":[{"start":{"line":8,"column":8},"end":{"line":8,"column":35}},{"start":{"line":8,"column":39},"end":{"line":8,"column":77}}],"line":8},"13":{"loc":{"start":{"line":10,"column":14},"end":{"line":12,"column":1}},"type":"binary-expr","locations":[{"start":{"line":10,"column":15},"end":{"line":10,"column":19}},{"start":{"line":10,"column":23},"end":{"line":10,"column":35}},{"start":{"line":10,"column":40},"end":{"line":12,"column":1}}],"line":10},"14":{"loc":{"start":{"line":13,"column":16},"end":{"line":20,"column":1}},"type":"binary-expr","locations":[{"start":{"line":13,"column":17},"end":{"line":13,"column":21}},{"start":{"line":13,"column":25},"end":{"line":13,"column":39}},{"start":{"line":13,"column":44},"end":{"line":20,"column":1}}],"line":13},"15":{"loc":{"start":{"line":14,"column":16},"end":{"line":14,"column":34}},"type":"binary-expr","locations":[{"start":{"line":14,"column":16},"end":{"line":14,"column":17}},{"start":{"line":14,"column":22},"end":{"line":14,"column":33}}],"line":14},"16":{"loc":{"start":{"line":17,"column":32},"end":{"line":17,"column":148}},"type":"cond-expr","locations":[{"start":{"line":17,"column":46},"end":{"line":17,"column":67}},{"start":{"line":17,"column":70},"end":{"line":17,"column":148}}],"line":17},"17":{"loc":{"start":{"line":18,"column":51},"end":{"line":18,"column":67}},"type":"binary-expr","locations":[{"start":{"line":18,"column":51},"end":{"line":18,"column":61}},{"start":{"line":18,"column":65},"end":{"line":18,"column":67}}],"line":18},"18":{"loc":{"start":{"line":61,"column":37},"end":{"line":61,"column":119}},"type":"binary-expr","locations":[{"start":{"line":61,"column":37},"end":{"line":61,"column":103}},{"start":{"line":61,"column":107},"end":{"line":61,"column":109}},{"start":{"line":61,"column":113},"end":{"line":61,"column":119}}],"line":61},"19":{"loc":{"start":{"line":61,"column":50},"end":{"line":61,"column":87}},"type":"binary-expr","locations":[{"start":{"line":61,"column":50},"end":{"line":61,"column":78}},{"start":{"line":61,"column":82},"end":{"line":61,"column":87}}],"line":61}},"s":{"0":1,"1":1,"2":1,"3":1,"4":1,"5":0,"6":0,"7":0,"8":1,"9":1,"10":1,"11":1,"12":1,"13":1,"14":1,"15":1,"16":0,"17":0,"18":0,"19":0,"20":0,"21":0,"22":0,"23":0,"24":0,"25":0,"26":1,"27":5,"28":0,"29":0,"30":0,"31":0,"32":0,"33":0,"34":0,"35":0,"36":0,"37":0,"38":0,"39":0,"40":0,"41":0,"42":1},"f":{"0":1,"1":1,"2":1,"3":1,"4":0,"5":0,"6":0,"7":0,"8":0,"9":0,"10":5,"11":0,"12":0,"13":0,"14":0,"15":0,"16":0,"17":0,"18":0,"19":0,"20":0,"21":0,"22":0,"23":0},"b":{"0":[1,0,1],"1":[1,0],"2":[0,0],"3":[1,0],"4":[1,1],"5":[0,0],"6":[0,0],"7":[0,0],"8":[0,0],"9":[1,0,0],"10":[1,0,1],"11":[1,0],"12":[1,1],"13":[1,0,1],"14":[1,0,1],"15":[0,0],"16":[0,0],"17":[0,0],"18":[1,1,0],"19":[1,1]},"inputSourceMap":{"version":3,"file":"notes.service.js","sourceRoot":"","sources":["notes.service.ts"],"names":[],"mappings":";;;;;;;;;;;;;;;;;;;;;AAAA,OAAO,EAAE,KAAK,EAAE,MAAM,UAAU,CAAC;AACjC,OAAO,EAAE,UAAU,EAAE,MAAM,EAAE,MAAM,gBAAgB,CAAC;AAKpD,IAAa,YAAY,GAAzB;IACE,YAAuD,SAAsB;QAAtB,cAAS,GAAT,SAAS,CAAa;IAAG,CAAC;IAE3E,MAAM,CAAC,aAA4B;;YACvC,OAAO,CAAC,GAAG,CAAC,aAAa,CAAC,CAAC;YAC3B,MAAM,WAAW,GAAG,IAAI,IAAI,CAAC,SAAS,CAAC,aAAa,CAAC,CAAC;YACtD,OAAO,MAAM,WAAW,CAAC,IAAI,EAAE,CAAC;QAClC,CAAC;KAAA;IAEK,MAAM,CAAC,EAAE,EAAE,UAAU;;YACzB,UAAU,CAAC,WAAW,GAAG,IAAI,IAAI,EAAE,CAAC;YACpC,OAAO,CAAC,GAAG,CAAC,UAAU,CAAC,CAAC;YACxB,OAAO,MAAM,IAAI,CAAC,SAAS,CAAC,SAAS,CAAC,EAAC,GAAG,EAAC,EAAE,EAAC,EAAE,UAAU,EAAE,UAAS,GAAG,IAAG,CAAC,CAAC,CAAC,IAAI,EAAE,CAAC;QACvF,CAAC;KAAA;IAEK,MAAM,CAAC,EAAE;;YACb,OAAO,MAAO,IAAI,CAAC,SAAS,CAAC,SAAS,CAAC,EAAC,GAAG,EAAC,EAAE,EAAC,EAAE,UAAS,GAAG,IAAG,CAAC,CAAC,CAAC,IAAI,EAAE,CAAC;QAC5E,CAAC;KAAA;IAEK,OAAO;;YACX,OAAO,MAAM,IAAI,CAAC,SAAS,CAAC,IAAI,EAAE,CAAC,IAAI,EAAE,CAAC;QAC5C,CAAC;KAAA;IAEK,IAAI,CAAC,KAAK;;YACd,OAAO,MAAM,IAAI,CAAC,SAAS,CAAC,IAAI,CAAC,EAAC,QAAQ,EAAC,KAAK,EAAC,EAAE,UAAS,GAAG,EAAC,GAAG,IAAG,CAAC,CAAC,CAAC,IAAI,EAAE,CAAC;QAClF,CAAC;KAAA;CACF,CAAA;AA1BY,YAAY;IADxB,UAAU,EAAE;IAEE,WAAA,MAAM,CAAC,gBAAgB,CAAC,CAAA;yDAA6B,KAAK,oBAAL,KAAK;GAD5D,YAAY,CA0BxB;SA1BY,YAAY","sourcesContent":["import { Model } from 'mongoose';\r\nimport { Injectable, Inject } from '@nestjs/common';\r\nimport { Note } from './interfaces/note.interface';\r\nimport { CreateNoteDto } from './dto/create-note.dto';\r\n\r\n@Injectable()\r\nexport class NotesService {\r\n  constructor(@Inject('NoteModelToken') private readonly noteModel: Model<Note>) {}\r\n\r\n  async create(createNoteDto: CreateNoteDto): Promise<Note> {\r\n    console.log(createNoteDto);\r\n    const createdNote = new this.noteModel(createNoteDto);\r\n    return await createdNote.save();\r\n  }\r\n\r\n  async update(id, updateNote): Promise<Note> {\r\n    updateNote.updatedDate = new Date();  \r\n    console.log(updateNote);\r\n    return await this.noteModel.updateOne({_id:id}, updateNote, function(err) {}).exec();\r\n  }\r\n\r\n  async delete(id): Promise<Note> {\r\n    return await  this.noteModel.deleteOne({_id:id}, function(err) {}).exec();\r\n  }\r\n\r\n  async findAll(): Promise<Note[]> {\r\n    return await this.noteModel.find().exec();\r\n  }\r\n  \r\n  async find(uname): Promise<Note[]> {\r\n    return await this.noteModel.find({username:uname}, function(err,obj) {}).exec();\r\n  }\r\n}"]},"_coverageSchema":"332fd63041d2c1bcb487cc26dd0d5f7d97098a6c","hash":"e3e5149e5616d9f4b757dea5c78231324f8ce27a"}
,"C:\\Projects\\backend-homework\\src\\notes\\dto\\create-note.dto.ts": {"path":"C:\\Projects\\backend-homework\\src\\notes\\dto\\create-note.dto.ts","statementMap":{},"fnMap":{},"branchMap":{},"s":{},"f":{},"b":{},"inputSourceMap":{"version":3,"file":"create-note.dto.js","sourceRoot":"","sources":["create-note.dto.ts"],"names":[],"mappings":"AAAA,MAAM;CAKH","sourcesContent":["export class CreateNoteDto {\r\n    readonly text: string;\r\n    readonly username: string;\r\n    createdDate: Date;\r\n    updatedDate: Date;\r\n  }"]},"_coverageSchema":"332fd63041d2c1bcb487cc26dd0d5f7d97098a6c","hash":"8fec20cd8edeb420ec281ea0b14540d6235d83d6"}
,"C:\\Projects\\backend-homework\\src\\users\\users.controller.ts": {"path":"C:\\Projects\\backend-homework\\src\\users\\users.controller.ts","statementMap":{"0":{"start":{"line":1,"column":17},"end":{"line":6,"column":1}},"1":{"start":{"line":2,"column":12},"end":{"line":2,"column":28}},"2":{"start":{"line":2,"column":34},"end":{"line":2,"column":125}},"3":{"start":{"line":3,"column":4},"end":{"line":4,"column":150}},"4":{"start":{"line":3,"column":79},"end":{"line":3,"column":131}},"5":{"start":{"line":4,"column":9},"end":{"line":4,"column":150}},"6":{"start":{"line":4,"column":58},"end":{"line":4,"column":150}},"7":{"start":{"line":4,"column":81},"end":{"line":4,"column":150}},"8":{"start":{"line":5,"column":4},"end":{"line":5,"column":66}},"9":{"start":{"line":7,"column":17},"end":{"line":9,"column":1}},"10":{"start":{"line":8,"column":4},"end":{"line":8,"column":109}},"11":{"start":{"line":8,"column":79},"end":{"line":8,"column":109}},"12":{"start":{"line":10,"column":14},"end":{"line":12,"column":1}},"13":{"start":{"line":11,"column":4},"end":{"line":11,"column":73}},"14":{"start":{"line":11,"column":36},"end":{"line":11,"column":71}},"15":{"start":{"line":13,"column":16},"end":{"line":20,"column":1}},"16":{"start":{"line":14,"column":4},"end":{"line":19,"column":7}},"17":{"start":{"line":15,"column":36},"end":{"line":15,"column":97}},"18":{"start":{"line":15,"column":42},"end":{"line":15,"column":70}},"19":{"start":{"line":15,"column":85},"end":{"line":15,"column":95}},"20":{"start":{"line":16,"column":35},"end":{"line":16,"column":100}},"21":{"start":{"line":16,"column":41},"end":{"line":16,"column":73}},"22":{"start":{"line":16,"column":88},"end":{"line":16,"column":98}},"23":{"start":{"line":17,"column":32},"end":{"line":17,"column":149}},"24":{"start":{"line":17,"column":97},"end":{"line":17,"column":119}},"25":{"start":{"line":18,"column":8},"end":{"line":18,"column":78}},"26":{"start":{"line":25,"column":22},"end":{"line":54,"column":1}},"27":{"start":{"line":27,"column":8},"end":{"line":27,"column":41}},"28":{"start":{"line":30,"column":8},"end":{"line":32,"column":11}},"29":{"start":{"line":31,"column":12},"end":{"line":31,"column":52}},"30":{"start":{"line":35,"column":8},"end":{"line":37,"column":11}},"31":{"start":{"line":36,"column":12},"end":{"line":36,"column":56}},"32":{"start":{"line":40,"column":8},"end":{"line":42,"column":11}},"33":{"start":{"line":41,"column":12},"end":{"line":41,"column":44}},"34":{"start":{"line":45,"column":8},"end":{"line":47,"column":11}},"35":{"start":{"line":46,"column":12},"end":{"line":46,"column":47}},"36":{"start":{"line":50,"column":8},"end":{"line":52,"column":11}},"37":{"start":{"line":51,"column":12},"end":{"line":51,"column":52}},"38":{"start":{"line":55,"column":0},"end":{"line":61,"column":46}},"39":{"start":{"line":62,"column":0},"end":{"line":68,"column":46}},"40":{"start":{"line":69,"column":0},"end":{"line":75,"column":46}},"41":{"start":{"line":76,"column":0},"end":{"line":81,"column":47}},"42":{"start":{"line":82,"column":0},"end":{"line":88,"column":47}},"43":{"start":{"line":89,"column":0},"end":{"line":92,"column":20}}},"fnMap":{"0":{"name":"(anonymous_0)","decl":{"start":{"line":1,"column":46},"end":{"line":1,"column":47}},"loc":{"start":{"line":1,"column":87},"end":{"line":6,"column":1}},"line":1},"1":{"name":"(anonymous_1)","decl":{"start":{"line":7,"column":46},"end":{"line":7,"column":47}},"loc":{"start":{"line":7,"column":62},"end":{"line":9,"column":1}},"line":7},"2":{"name":"(anonymous_2)","decl":{"start":{"line":10,"column":40},"end":{"line":10,"column":41}},"loc":{"start":{"line":10,"column":73},"end":{"line":12,"column":1}},"line":10},"3":{"name":"(anonymous_3)","decl":{"start":{"line":11,"column":11},"end":{"line":11,"column":12}},"loc":{"start":{"line":11,"column":34},"end":{"line":11,"column":73}},"line":11},"4":{"name":"(anonymous_4)","decl":{"start":{"line":13,"column":44},"end":{"line":13,"column":45}},"loc":{"start":{"line":13,"column":89},"end":{"line":20,"column":1}},"line":13},"5":{"name":"(anonymous_5)","decl":{"start":{"line":14,"column":36},"end":{"line":14,"column":37}},"loc":{"start":{"line":14,"column":63},"end":{"line":19,"column":5}},"line":14},"6":{"name":"fulfilled","decl":{"start":{"line":15,"column":17},"end":{"line":15,"column":26}},"loc":{"start":{"line":15,"column":34},"end":{"line":15,"column":99}},"line":15},"7":{"name":"rejected","decl":{"start":{"line":16,"column":17},"end":{"line":16,"column":25}},"loc":{"start":{"line":16,"column":33},"end":{"line":16,"column":102}},"line":16},"8":{"name":"step","decl":{"start":{"line":17,"column":17},"end":{"line":17,"column":21}},"loc":{"start":{"line":17,"column":30},"end":{"line":17,"column":151}},"line":17},"9":{"name":"(anonymous_9)","decl":{"start":{"line":17,"column":76},"end":{"line":17,"column":77}},"loc":{"start":{"line":17,"column":95},"end":{"line":17,"column":121}},"line":17},"10":{"name":"(anonymous_10)","decl":{"start":{"line":26,"column":4},"end":{"line":26,"column":5}},"loc":{"start":{"line":26,"column":30},"end":{"line":28,"column":5}},"line":26},"11":{"name":"(anonymous_11)","decl":{"start":{"line":29,"column":4},"end":{"line":29,"column":5}},"loc":{"start":{"line":29,"column":26},"end":{"line":33,"column":5}},"line":29},"12":{"name":"(anonymous_12)","decl":{"start":{"line":30,"column":47},"end":{"line":30,"column":48}},"loc":{"start":{"line":30,"column":60},"end":{"line":32,"column":9}},"line":30},"13":{"name":"(anonymous_13)","decl":{"start":{"line":34,"column":4},"end":{"line":34,"column":5}},"loc":{"start":{"line":34,"column":30},"end":{"line":38,"column":5}},"line":34},"14":{"name":"(anonymous_14)","decl":{"start":{"line":35,"column":47},"end":{"line":35,"column":48}},"loc":{"start":{"line":35,"column":60},"end":{"line":37,"column":9}},"line":35},"15":{"name":"(anonymous_15)","decl":{"start":{"line":39,"column":4},"end":{"line":39,"column":5}},"loc":{"start":{"line":39,"column":18},"end":{"line":43,"column":5}},"line":39},"16":{"name":"(anonymous_16)","decl":{"start":{"line":40,"column":47},"end":{"line":40,"column":48}},"loc":{"start":{"line":40,"column":60},"end":{"line":42,"column":9}},"line":40},"17":{"name":"(anonymous_17)","decl":{"start":{"line":44,"column":4},"end":{"line":44,"column":5}},"loc":{"start":{"line":44,"column":14},"end":{"line":48,"column":5}},"line":44},"18":{"name":"(anonymous_18)","decl":{"start":{"line":45,"column":47},"end":{"line":45,"column":48}},"loc":{"start":{"line":45,"column":60},"end":{"line":47,"column":9}},"line":45},"19":{"name":"(anonymous_19)","decl":{"start":{"line":49,"column":4},"end":{"line":49,"column":5}},"loc":{"start":{"line":49,"column":19},"end":{"line":53,"column":5}},"line":49},"20":{"name":"(anonymous_20)","decl":{"start":{"line":50,"column":47},"end":{"line":50,"column":48}},"loc":{"start":{"line":50,"column":60},"end":{"line":52,"column":9}},"line":50}},"branchMap":{"0":{"loc":{"start":{"line":1,"column":17},"end":{"line":6,"column":1}},"type":"binary-expr","locations":[{"start":{"line":1,"column":18},"end":{"line":1,"column":22}},{"start":{"line":1,"column":26},"end":{"line":1,"column":41}},{"start":{"line":1,"column":46},"end":{"line":6,"column":1}}],"line":1},"1":{"loc":{"start":{"line":2,"column":34},"end":{"line":2,"column":125}},"type":"cond-expr","locations":[{"start":{"line":2,"column":42},"end":{"line":2,"column":48}},{"start":{"line":2,"column":51},"end":{"line":2,"column":125}}],"line":2},"2":{"loc":{"start":{"line":2,"column":51},"end":{"line":2,"column":125}},"type":"cond-expr","locations":[{"start":{"line":2,"column":67},"end":{"line":2,"column":118}},{"start":{"line":2,"column":121},"end":{"line":2,"column":125}}],"line":2},"3":{"loc":{"start":{"line":3,"column":4},"end":{"line":4,"column":150}},"type":"if","locations":[{"start":{"line":3,"column":4},"end":{"line":4,"column":150}},{"start":{"line":3,"column":4},"end":{"line":4,"column":150}}],"line":3},"4":{"loc":{"start":{"line":3,"column":8},"end":{"line":3,"column":77}},"type":"binary-expr","locations":[{"start":{"line":3,"column":8},"end":{"line":3,"column":35}},{"start":{"line":3,"column":39},"end":{"line":3,"column":77}}],"line":3},"5":{"loc":{"start":{"line":4,"column":58},"end":{"line":4,"column":150}},"type":"if","locations":[{"start":{"line":4,"column":58},"end":{"line":4,"column":150}},{"start":{"line":4,"column":58},"end":{"line":4,"column":150}}],"line":4},"6":{"loc":{"start":{"line":4,"column":85},"end":{"line":4,"column":149}},"type":"binary-expr","locations":[{"start":{"line":4,"column":86},"end":{"line":4,"column":143}},{"start":{"line":4,"column":148},"end":{"line":4,"column":149}}],"line":4},"7":{"loc":{"start":{"line":4,"column":86},"end":{"line":4,"column":143}},"type":"cond-expr","locations":[{"start":{"line":4,"column":94},"end":{"line":4,"column":98}},{"start":{"line":4,"column":101},"end":{"line":4,"column":143}}],"line":4},"8":{"loc":{"start":{"line":4,"column":101},"end":{"line":4,"column":143}},"type":"cond-expr","locations":[{"start":{"line":4,"column":109},"end":{"line":4,"column":126}},{"start":{"line":4,"column":129},"end":{"line":4,"column":143}}],"line":4},"9":{"loc":{"start":{"line":5,"column":11},"end":{"line":5,"column":62}},"type":"binary-expr","locations":[{"start":{"line":5,"column":11},"end":{"line":5,"column":16}},{"start":{"line":5,"column":20},"end":{"line":5,"column":21}},{"start":{"line":5,"column":25},"end":{"line":5,"column":62}}],"line":5},"10":{"loc":{"start":{"line":7,"column":17},"end":{"line":9,"column":1}},"type":"binary-expr","locations":[{"start":{"line":7,"column":18},"end":{"line":7,"column":22}},{"start":{"line":7,"column":26},"end":{"line":7,"column":41}},{"start":{"line":7,"column":46},"end":{"line":9,"column":1}}],"line":7},"11":{"loc":{"start":{"line":8,"column":4},"end":{"line":8,"column":109}},"type":"if","locations":[{"start":{"line":8,"column":4},"end":{"line":8,"column":109}},{"start":{"line":8,"column":4},"end":{"line":8,"column":109}}],"line":8},"12":{"loc":{"start":{"line":8,"column":8},"end":{"line":8,"column":77}},"type":"binary-expr","locations":[{"start":{"line":8,"column":8},"end":{"line":8,"column":35}},{"start":{"line":8,"column":39},"end":{"line":8,"column":77}}],"line":8},"13":{"loc":{"start":{"line":10,"column":14},"end":{"line":12,"column":1}},"type":"binary-expr","locations":[{"start":{"line":10,"column":15},"end":{"line":10,"column":19}},{"start":{"line":10,"column":23},"end":{"line":10,"column":35}},{"start":{"line":10,"column":40},"end":{"line":12,"column":1}}],"line":10},"14":{"loc":{"start":{"line":13,"column":16},"end":{"line":20,"column":1}},"type":"binary-expr","locations":[{"start":{"line":13,"column":17},"end":{"line":13,"column":21}},{"start":{"line":13,"column":25},"end":{"line":13,"column":39}},{"start":{"line":13,"column":44},"end":{"line":20,"column":1}}],"line":13},"15":{"loc":{"start":{"line":14,"column":16},"end":{"line":14,"column":34}},"type":"binary-expr","locations":[{"start":{"line":14,"column":16},"end":{"line":14,"column":17}},{"start":{"line":14,"column":22},"end":{"line":14,"column":33}}],"line":14},"16":{"loc":{"start":{"line":17,"column":32},"end":{"line":17,"column":148}},"type":"cond-expr","locations":[{"start":{"line":17,"column":46},"end":{"line":17,"column":67}},{"start":{"line":17,"column":70},"end":{"line":17,"column":148}}],"line":17},"17":{"loc":{"start":{"line":18,"column":51},"end":{"line":18,"column":67}},"type":"binary-expr","locations":[{"start":{"line":18,"column":51},"end":{"line":18,"column":61}},{"start":{"line":18,"column":65},"end":{"line":18,"column":67}}],"line":18},"18":{"loc":{"start":{"line":59,"column":37},"end":{"line":59,"column":135}},"type":"binary-expr","locations":[{"start":{"line":59,"column":37},"end":{"line":59,"column":119}},{"start":{"line":59,"column":123},"end":{"line":59,"column":125}},{"start":{"line":59,"column":129},"end":{"line":59,"column":135}}],"line":59},"19":{"loc":{"start":{"line":59,"column":50},"end":{"line":59,"column":103}},"type":"binary-expr","locations":[{"start":{"line":59,"column":50},"end":{"line":59,"column":86}},{"start":{"line":59,"column":90},"end":{"line":59,"column":103}}],"line":59},"20":{"loc":{"start":{"line":80,"column":36},"end":{"line":80,"column":122}},"type":"binary-expr","locations":[{"start":{"line":80,"column":36},"end":{"line":80,"column":106}},{"start":{"line":80,"column":110},"end":{"line":80,"column":112}},{"start":{"line":80,"column":116},"end":{"line":80,"column":122}}],"line":80},"21":{"loc":{"start":{"line":80,"column":49},"end":{"line":80,"column":90}},"type":"binary-expr","locations":[{"start":{"line":80,"column":49},"end":{"line":80,"column":79}},{"start":{"line":80,"column":83},"end":{"line":80,"column":90}}],"line":80},"22":{"loc":{"start":{"line":87,"column":36},"end":{"line":87,"column":122}},"type":"binary-expr","locations":[{"start":{"line":87,"column":36},"end":{"line":87,"column":106}},{"start":{"line":87,"column":110},"end":{"line":87,"column":112}},{"start":{"line":87,"column":116},"end":{"line":87,"column":122}}],"line":87},"23":{"loc":{"start":{"line":87,"column":49},"end":{"line":87,"column":90}},"type":"binary-expr","locations":[{"start":{"line":87,"column":49},"end":{"line":87,"column":79}},{"start":{"line":87,"column":83},"end":{"line":87,"column":90}}],"line":87},"24":{"loc":{"start":{"line":91,"column":37},"end":{"line":91,"column":133}},"type":"binary-expr","locations":[{"start":{"line":91,"column":37},"end":{"line":91,"column":117}},{"start":{"line":91,"column":121},"end":{"line":91,"column":123}},{"start":{"line":91,"column":127},"end":{"line":91,"column":133}}],"line":91},"25":{"loc":{"start":{"line":91,"column":50},"end":{"line":91,"column":101}},"type":"binary-expr","locations":[{"start":{"line":91,"column":50},"end":{"line":91,"column":85}},{"start":{"line":91,"column":89},"end":{"line":91,"column":101}}],"line":91}},"s":{"0":1,"1":6,"2":6,"3":6,"4":6,"5":0,"6":0,"7":0,"8":6,"9":1,"10":16,"11":16,"12":1,"13":5,"14":5,"15":1,"16":5,"17":0,"18":0,"19":0,"20":0,"21":0,"22":0,"23":5,"24":0,"25":5,"26":1,"27":5,"28":1,"29":1,"30":1,"31":1,"32":1,"33":1,"34":1,"35":1,"36":1,"37":1,"38":1,"39":1,"40":1,"41":1,"42":1,"43":1},"f":{"0":6,"1":16,"2":5,"3":5,"4":5,"5":5,"6":0,"7":0,"8":5,"9":0,"10":5,"11":1,"12":1,"13":1,"14":1,"15":1,"16":1,"17":1,"18":1,"19":1,"20":1},"b":{"0":[1,0,1],"1":[1,5],"2":[5,0],"3":[6,0],"4":[6,6],"5":[0,0],"6":[0,0],"7":[0,0],"8":[0,0],"9":[6,5,5],"10":[1,0,1],"11":[16,0],"12":[16,16],"13":[1,0,1],"14":[1,0,1],"15":[5,5],"16":[5,0],"17":[5,5],"18":[1,1,0],"19":[1,1],"20":[1,1,0],"21":[1,1],"22":[1,1,0],"23":[1,1],"24":[1,1,0],"25":[1,1]},"inputSourceMap":{"version":3,"file":"users.controller.js","sourceRoot":"","sources":["users.controller.ts"],"names":[],"mappings":";;;;;;;;;;;;;;;;;;;;;AAAA,OAAO,EAAE,UAAU,EAAE,GAAG,EAAE,IAAI,EAAE,IAAI,EAAE,KAAK,EAAE,KAAK,EAAE,MAAM,EAAE,MAAM,gBAAgB,CAAC;AACnF,OAAO,EAAE,aAAa,EAAE,MAAM,uBAAuB,CAAC;AACtD,OAAO,EAAE,YAAY,EAAE,MAAM,iBAAiB,CAAC;AAI/C,IAAa,eAAe,GAA5B;IACE,YAA6B,YAA0B;QAA1B,iBAAY,GAAZ,YAAY,CAAc;IAAG,CAAC;IAGrD,MAAM,CAAS,aAA4B;;YAC/C,IAAI,CAAC,YAAY,CAAC,MAAM,CAAC,aAAa,CAAC,CAAC;QAC1C,CAAC;KAAA;IAGK,MAAM,CAAiB,KAAK,EAAU,UAAU;;YACpD,IAAI,CAAC,YAAY,CAAC,MAAM,CAAC,KAAK,EAAE,UAAU,CAAC,CAAC;QAC9C,CAAC;KAAA;IAGK,MAAM,CAAiB,KAAK;;YAChC,IAAI,CAAC,YAAY,CAAC,MAAM,CAAC,KAAK,CAAC,CAAC;QAClC,CAAC;KAAA;IAGK,OAAO;;YACX,OAAO,IAAI,CAAC,YAAY,CAAC,OAAO,EAAE,CAAC;QACrC,CAAC;KAAA;IAGK,OAAO,CAAiB,KAAK;;YACjC,OAAO,IAAI,CAAC,YAAY,CAAC,OAAO,CAAC,KAAK,CAAC,CAAC;QAC1C,CAAC;KAAA;CACF,CAAA;AAvBC;IADC,IAAI,EAAE;IACO,WAAA,IAAI,EAAE,CAAA;;yDAAgB,aAAa,oBAAb,aAAa;;6CAEhD;AAGD;IADC,KAAK,CAAC,QAAQ,CAAC;IACF,WAAA,KAAK,CAAC,OAAO,CAAC,CAAA,EAAS,WAAA,IAAI,EAAE,CAAA;;;;6CAE1C;AAGD;IADC,MAAM,CAAC,QAAQ,CAAC;IACH,WAAA,KAAK,CAAC,OAAO,CAAC,CAAA;;;;6CAE3B;AAGD;IADC,GAAG,EAAE;;;wDACW,OAAO,oBAAP,OAAO;8CAEvB;AAGD;IADC,GAAG,CAAC,QAAQ,CAAC;IACC,WAAA,KAAK,CAAC,OAAO,CAAC,CAAA;;;wDAAQ,OAAO,oBAAP,OAAO;8CAE3C;AA1BU,eAAe;IAD3B,UAAU,CAAC,OAAO,CAAC;yDAEyB,YAAY,oBAAZ,YAAY;GAD5C,eAAe,CA2B3B;SA3BY,eAAe","sourcesContent":["import { Controller, Get, Post, Body, Param, Patch, Delete } from '@nestjs/common';\r\nimport { CreateUserDto } from './dto/create-user.dto';\r\nimport { UsersService } from './users.service';\r\nimport { User } from './interfaces/user.interface';\r\n\r\n@Controller('users')\r\nexport class UsersController {\r\n  constructor(private readonly usersService: UsersService) {}\r\n\r\n  @Post()\r\n  async create(@Body() createUserDto: CreateUserDto) {\r\n    this.usersService.create(createUserDto);\r\n  }\r\n\r\n  @Patch(':uname')\r\n  async update(@Param('uname') uname, @Body() updateUser) {\r\n    this.usersService.update(uname, updateUser);\r\n  }\r\n\r\n  @Delete(':uname')\r\n  async delete(@Param('uname') uname) {\r\n    this.usersService.delete(uname);\r\n  }\r\n\r\n  @Get()\r\n  async findAll(): Promise<User[]> {\r\n    return this.usersService.findAll();\r\n  }\r\n\r\n  @Get(':uname')\r\n  async findOne(@Param('uname') uname):Promise<User> {\r\n    return this.usersService.findOne(uname);\r\n  }\r\n}"]},"_coverageSchema":"332fd63041d2c1bcb487cc26dd0d5f7d97098a6c","hash":"8057b4304445d32aff58c1a27c39f06c7bacc92e"}
,"C:\\Projects\\backend-homework\\src\\users\\users.service.ts": {"path":"C:\\Projects\\backend-homework\\src\\users\\users.service.ts","statementMap":{"0":{"start":{"line":1,"column":17},"end":{"line":6,"column":1}},"1":{"start":{"line":2,"column":12},"end":{"line":2,"column":28}},"2":{"start":{"line":2,"column":34},"end":{"line":2,"column":125}},"3":{"start":{"line":3,"column":4},"end":{"line":4,"column":150}},"4":{"start":{"line":3,"column":79},"end":{"line":3,"column":131}},"5":{"start":{"line":4,"column":9},"end":{"line":4,"column":150}},"6":{"start":{"line":4,"column":58},"end":{"line":4,"column":150}},"7":{"start":{"line":4,"column":81},"end":{"line":4,"column":150}},"8":{"start":{"line":5,"column":4},"end":{"line":5,"column":66}},"9":{"start":{"line":7,"column":17},"end":{"line":9,"column":1}},"10":{"start":{"line":8,"column":4},"end":{"line":8,"column":109}},"11":{"start":{"line":8,"column":79},"end":{"line":8,"column":109}},"12":{"start":{"line":10,"column":14},"end":{"line":12,"column":1}},"13":{"start":{"line":11,"column":4},"end":{"line":11,"column":73}},"14":{"start":{"line":11,"column":36},"end":{"line":11,"column":71}},"15":{"start":{"line":13,"column":16},"end":{"line":20,"column":1}},"16":{"start":{"line":14,"column":4},"end":{"line":19,"column":7}},"17":{"start":{"line":15,"column":36},"end":{"line":15,"column":97}},"18":{"start":{"line":15,"column":42},"end":{"line":15,"column":70}},"19":{"start":{"line":15,"column":85},"end":{"line":15,"column":95}},"20":{"start":{"line":16,"column":35},"end":{"line":16,"column":100}},"21":{"start":{"line":16,"column":41},"end":{"line":16,"column":73}},"22":{"start":{"line":16,"column":88},"end":{"line":16,"column":98}},"23":{"start":{"line":17,"column":32},"end":{"line":17,"column":149}},"24":{"start":{"line":17,"column":97},"end":{"line":17,"column":119}},"25":{"start":{"line":18,"column":8},"end":{"line":18,"column":78}},"26":{"start":{"line":24,"column":19},"end":{"line":56,"column":1}},"27":{"start":{"line":26,"column":8},"end":{"line":26,"column":35}},"28":{"start":{"line":29,"column":8},"end":{"line":33,"column":11}},"29":{"start":{"line":30,"column":12},"end":{"line":30,"column":39}},"30":{"start":{"line":31,"column":32},"end":{"line":31,"column":65}},"31":{"start":{"line":32,"column":12},"end":{"line":32,"column":44}},"32":{"start":{"line":36,"column":8},"end":{"line":39,"column":11}},"33":{"start":{"line":37,"column":12},"end":{"line":37,"column":36}},"34":{"start":{"line":38,"column":12},"end":{"line":38,"column":110}},"35":{"start":{"line":42,"column":8},"end":{"line":44,"column":11}},"36":{"start":{"line":43,"column":12},"end":{"line":43,"column":98}},"37":{"start":{"line":47,"column":8},"end":{"line":49,"column":11}},"38":{"start":{"line":48,"column":12},"end":{"line":48,"column":54}},"39":{"start":{"line":52,"column":8},"end":{"line":54,"column":11}},"40":{"start":{"line":53,"column":12},"end":{"line":53,"column":101}},"41":{"start":{"line":57,"column":0},"end":{"line":61,"column":17}}},"fnMap":{"0":{"name":"(anonymous_0)","decl":{"start":{"line":1,"column":46},"end":{"line":1,"column":47}},"loc":{"start":{"line":1,"column":87},"end":{"line":6,"column":1}},"line":1},"1":{"name":"(anonymous_1)","decl":{"start":{"line":7,"column":46},"end":{"line":7,"column":47}},"loc":{"start":{"line":7,"column":62},"end":{"line":9,"column":1}},"line":7},"2":{"name":"(anonymous_2)","decl":{"start":{"line":10,"column":40},"end":{"line":10,"column":41}},"loc":{"start":{"line":10,"column":73},"end":{"line":12,"column":1}},"line":10},"3":{"name":"(anonymous_3)","decl":{"start":{"line":11,"column":11},"end":{"line":11,"column":12}},"loc":{"start":{"line":11,"column":34},"end":{"line":11,"column":73}},"line":11},"4":{"name":"(anonymous_4)","decl":{"start":{"line":13,"column":44},"end":{"line":13,"column":45}},"loc":{"start":{"line":13,"column":89},"end":{"line":20,"column":1}},"line":13},"5":{"name":"(anonymous_5)","decl":{"start":{"line":14,"column":36},"end":{"line":14,"column":37}},"loc":{"start":{"line":14,"column":63},"end":{"line":19,"column":5}},"line":14},"6":{"name":"fulfilled","decl":{"start":{"line":15,"column":17},"end":{"line":15,"column":26}},"loc":{"start":{"line":15,"column":34},"end":{"line":15,"column":99}},"line":15},"7":{"name":"rejected","decl":{"start":{"line":16,"column":17},"end":{"line":16,"column":25}},"loc":{"start":{"line":16,"column":33},"end":{"line":16,"column":102}},"line":16},"8":{"name":"step","decl":{"start":{"line":17,"column":17},"end":{"line":17,"column":21}},"loc":{"start":{"line":17,"column":30},"end":{"line":17,"column":151}},"line":17},"9":{"name":"(anonymous_9)","decl":{"start":{"line":17,"column":76},"end":{"line":17,"column":77}},"loc":{"start":{"line":17,"column":95},"end":{"line":17,"column":121}},"line":17},"10":{"name":"(anonymous_10)","decl":{"start":{"line":25,"column":4},"end":{"line":25,"column":5}},"loc":{"start":{"line":25,"column":27},"end":{"line":27,"column":5}},"line":25},"11":{"name":"(anonymous_11)","decl":{"start":{"line":28,"column":4},"end":{"line":28,"column":5}},"loc":{"start":{"line":28,"column":26},"end":{"line":34,"column":5}},"line":28},"12":{"name":"(anonymous_12)","decl":{"start":{"line":29,"column":47},"end":{"line":29,"column":48}},"loc":{"start":{"line":29,"column":60},"end":{"line":33,"column":9}},"line":29},"13":{"name":"(anonymous_13)","decl":{"start":{"line":35,"column":4},"end":{"line":35,"column":5}},"loc":{"start":{"line":35,"column":30},"end":{"line":40,"column":5}},"line":35},"14":{"name":"(anonymous_14)","decl":{"start":{"line":36,"column":47},"end":{"line":36,"column":48}},"loc":{"start":{"line":36,"column":60},"end":{"line":39,"column":9}},"line":36},"15":{"name":"(anonymous_15)","decl":{"start":{"line":38,"column":83},"end":{"line":38,"column":84}},"loc":{"start":{"line":38,"column":98},"end":{"line":38,"column":101}},"line":38},"16":{"name":"(anonymous_16)","decl":{"start":{"line":41,"column":4},"end":{"line":41,"column":5}},"loc":{"start":{"line":41,"column":18},"end":{"line":45,"column":5}},"line":41},"17":{"name":"(anonymous_17)","decl":{"start":{"line":42,"column":47},"end":{"line":42,"column":48}},"loc":{"start":{"line":42,"column":60},"end":{"line":44,"column":9}},"line":42},"18":{"name":"(anonymous_18)","decl":{"start":{"line":43,"column":71},"end":{"line":43,"column":72}},"loc":{"start":{"line":43,"column":86},"end":{"line":43,"column":89}},"line":43},"19":{"name":"(anonymous_19)","decl":{"start":{"line":46,"column":4},"end":{"line":46,"column":5}},"loc":{"start":{"line":46,"column":14},"end":{"line":50,"column":5}},"line":46},"20":{"name":"(anonymous_20)","decl":{"start":{"line":47,"column":47},"end":{"line":47,"column":48}},"loc":{"start":{"line":47,"column":60},"end":{"line":49,"column":9}},"line":47},"21":{"name":"(anonymous_21)","decl":{"start":{"line":51,"column":4},"end":{"line":51,"column":5}},"loc":{"start":{"line":51,"column":19},"end":{"line":55,"column":5}},"line":51},"22":{"name":"(anonymous_22)","decl":{"start":{"line":52,"column":47},"end":{"line":52,"column":48}},"loc":{"start":{"line":52,"column":60},"end":{"line":54,"column":9}},"line":52},"23":{"name":"(anonymous_23)","decl":{"start":{"line":53,"column":69},"end":{"line":53,"column":70}},"loc":{"start":{"line":53,"column":89},"end":{"line":53,"column":92}},"line":53}},"branchMap":{"0":{"loc":{"start":{"line":1,"column":17},"end":{"line":6,"column":1}},"type":"binary-expr","locations":[{"start":{"line":1,"column":18},"end":{"line":1,"column":22}},{"start":{"line":1,"column":26},"end":{"line":1,"column":41}},{"start":{"line":1,"column":46},"end":{"line":6,"column":1}}],"line":1},"1":{"loc":{"start":{"line":2,"column":34},"end":{"line":2,"column":125}},"type":"cond-expr","locations":[{"start":{"line":2,"column":42},"end":{"line":2,"column":48}},{"start":{"line":2,"column":51},"end":{"line":2,"column":125}}],"line":2},"2":{"loc":{"start":{"line":2,"column":51},"end":{"line":2,"column":125}},"type":"cond-expr","locations":[{"start":{"line":2,"column":67},"end":{"line":2,"column":118}},{"start":{"line":2,"column":121},"end":{"line":2,"column":125}}],"line":2},"3":{"loc":{"start":{"line":3,"column":4},"end":{"line":4,"column":150}},"type":"if","locations":[{"start":{"line":3,"column":4},"end":{"line":4,"column":150}},{"start":{"line":3,"column":4},"end":{"line":4,"column":150}}],"line":3},"4":{"loc":{"start":{"line":3,"column":8},"end":{"line":3,"column":77}},"type":"binary-expr","locations":[{"start":{"line":3,"column":8},"end":{"line":3,"column":35}},{"start":{"line":3,"column":39},"end":{"line":3,"column":77}}],"line":3},"5":{"loc":{"start":{"line":4,"column":58},"end":{"line":4,"column":150}},"type":"if","locations":[{"start":{"line":4,"column":58},"end":{"line":4,"column":150}},{"start":{"line":4,"column":58},"end":{"line":4,"column":150}}],"line":4},"6":{"loc":{"start":{"line":4,"column":85},"end":{"line":4,"column":149}},"type":"binary-expr","locations":[{"start":{"line":4,"column":86},"end":{"line":4,"column":143}},{"start":{"line":4,"column":148},"end":{"line":4,"column":149}}],"line":4},"7":{"loc":{"start":{"line":4,"column":86},"end":{"line":4,"column":143}},"type":"cond-expr","locations":[{"start":{"line":4,"column":94},"end":{"line":4,"column":98}},{"start":{"line":4,"column":101},"end":{"line":4,"column":143}}],"line":4},"8":{"loc":{"start":{"line":4,"column":101},"end":{"line":4,"column":143}},"type":"cond-expr","locations":[{"start":{"line":4,"column":109},"end":{"line":4,"column":126}},{"start":{"line":4,"column":129},"end":{"line":4,"column":143}}],"line":4},"9":{"loc":{"start":{"line":5,"column":11},"end":{"line":5,"column":62}},"type":"binary-expr","locations":[{"start":{"line":5,"column":11},"end":{"line":5,"column":16}},{"start":{"line":5,"column":20},"end":{"line":5,"column":21}},{"start":{"line":5,"column":25},"end":{"line":5,"column":62}}],"line":5},"10":{"loc":{"start":{"line":7,"column":17},"end":{"line":9,"column":1}},"type":"binary-expr","locations":[{"start":{"line":7,"column":18},"end":{"line":7,"column":22}},{"start":{"line":7,"column":26},"end":{"line":7,"column":41}},{"start":{"line":7,"column":46},"end":{"line":9,"column":1}}],"line":7},"11":{"loc":{"start":{"line":8,"column":4},"end":{"line":8,"column":109}},"type":"if","locations":[{"start":{"line":8,"column":4},"end":{"line":8,"column":109}},{"start":{"line":8,"column":4},"end":{"line":8,"column":109}}],"line":8},"12":{"loc":{"start":{"line":8,"column":8},"end":{"line":8,"column":77}},"type":"binary-expr","locations":[{"start":{"line":8,"column":8},"end":{"line":8,"column":35}},{"start":{"line":8,"column":39},"end":{"line":8,"column":77}}],"line":8},"13":{"loc":{"start":{"line":10,"column":14},"end":{"line":12,"column":1}},"type":"binary-expr","locations":[{"start":{"line":10,"column":15},"end":{"line":10,"column":19}},{"start":{"line":10,"column":23},"end":{"line":10,"column":35}},{"start":{"line":10,"column":40},"end":{"line":12,"column":1}}],"line":10},"14":{"loc":{"start":{"line":13,"column":16},"end":{"line":20,"column":1}},"type":"binary-expr","locations":[{"start":{"line":13,"column":17},"end":{"line":13,"column":21}},{"start":{"line":13,"column":25},"end":{"line":13,"column":39}},{"start":{"line":13,"column":44},"end":{"line":20,"column":1}}],"line":13},"15":{"loc":{"start":{"line":14,"column":16},"end":{"line":14,"column":34}},"type":"binary-expr","locations":[{"start":{"line":14,"column":16},"end":{"line":14,"column":17}},{"start":{"line":14,"column":22},"end":{"line":14,"column":33}}],"line":14},"16":{"loc":{"start":{"line":17,"column":32},"end":{"line":17,"column":148}},"type":"cond-expr","locations":[{"start":{"line":17,"column":46},"end":{"line":17,"column":67}},{"start":{"line":17,"column":70},"end":{"line":17,"column":148}}],"line":17},"17":{"loc":{"start":{"line":18,"column":51},"end":{"line":18,"column":67}},"type":"binary-expr","locations":[{"start":{"line":18,"column":51},"end":{"line":18,"column":61}},{"start":{"line":18,"column":65},"end":{"line":18,"column":67}}],"line":18},"18":{"loc":{"start":{"line":60,"column":37},"end":{"line":60,"column":119}},"type":"binary-expr","locations":[{"start":{"line":60,"column":37},"end":{"line":60,"column":103}},{"start":{"line":60,"column":107},"end":{"line":60,"column":109}},{"start":{"line":60,"column":113},"end":{"line":60,"column":119}}],"line":60},"19":{"loc":{"start":{"line":60,"column":50},"end":{"line":60,"column":87}},"type":"binary-expr","locations":[{"start":{"line":60,"column":50},"end":{"line":60,"column":78}},{"start":{"line":60,"column":82},"end":{"line":60,"column":87}}],"line":60}},"s":{"0":1,"1":1,"2":1,"3":1,"4":1,"5":0,"6":0,"7":0,"8":1,"9":1,"10":1,"11":1,"12":1,"13":1,"14":1,"15":1,"16":0,"17":0,"18":0,"19":0,"20":0,"21":0,"22":0,"23":0,"24":0,"25":0,"26":1,"27":5,"28":0,"29":0,"30":0,"31":0,"32":0,"33":0,"34":0,"35":0,"36":0,"37":0,"38":0,"39":0,"40":0,"41":1},"f":{"0":1,"1":1,"2":1,"3":1,"4":0,"5":0,"6":0,"7":0,"8":0,"9":0,"10":5,"11":0,"12":0,"13":0,"14":0,"15":0,"16":0,"17":0,"18":0,"19":0,"20":0,"21":0,"22":0,"23":0},"b":{"0":[1,0,1],"1":[1,0],"2":[0,0],"3":[1,0],"4":[1,1],"5":[0,0],"6":[0,0],"7":[0,0],"8":[0,0],"9":[1,0,0],"10":[1,0,1],"11":[1,0],"12":[1,1],"13":[1,0,1],"14":[1,0,1],"15":[0,0],"16":[0,0],"17":[0,0],"18":[1,1,0],"19":[1,1]},"inputSourceMap":{"version":3,"file":"users.service.js","sourceRoot":"","sources":["users.service.ts"],"names":[],"mappings":";;;;;;;;;;;;;;;;;;;;;AAAA,OAAO,EAAE,KAAK,EAAE,MAAM,UAAU,CAAC;AACjC,OAAO,EAAE,UAAU,EAAE,MAAM,EAAE,MAAM,gBAAgB,CAAC;AAKpD,IAAa,YAAY,GAAzB;IACE,YAAuD,SAAsB;QAAtB,cAAS,GAAT,SAAS,CAAa;IAAG,CAAC;IAE3E,MAAM,CAAC,aAA4B;;YACvC,OAAO,CAAC,GAAG,CAAC,aAAa,CAAC,CAAC;YAC3B,MAAM,WAAW,GAAG,IAAI,IAAI,CAAC,SAAS,CAAC,aAAa,CAAC,CAAC;YACtD,OAAO,MAAM,WAAW,CAAC,IAAI,EAAE,CAAC;QAClC,CAAC;KAAA;IAEK,MAAM,CAAC,KAAK,EAAE,UAAU;;YAC5B,OAAO,CAAC,GAAG,CAAC,UAAU,CAAC,CAAC;YACxB,OAAO,MAAO,IAAI,CAAC,SAAS,CAAC,SAAS,CAAC,EAAC,QAAQ,EAAC,KAAK,EAAC,EAAE,UAAU,EAAE,UAAS,GAAG,IAAG,CAAC,CAAC,CAAC,IAAI,EAAE,CAAC;QAChG,CAAC;KAAA;IAEK,MAAM,CAAC,KAAK;;YAChB,OAAO,MAAO,IAAI,CAAC,SAAS,CAAC,SAAS,CAAC,EAAC,QAAQ,EAAC,KAAK,EAAC,EAAE,UAAS,GAAG,IAAG,CAAC,CAAC,CAAC,IAAI,EAAE,CAAC;QACpF,CAAC;KAAA;IAEK,OAAO;;YACX,OAAO,MAAM,IAAI,CAAC,SAAS,CAAC,IAAI,EAAE,CAAC,IAAI,EAAE,CAAC;QAC5C,CAAC;KAAA;IAEK,OAAO,CAAC,KAAK;;YACjB,OAAO,MAAM,IAAI,CAAC,SAAS,CAAC,OAAO,CAAC,EAAC,QAAQ,EAAC,KAAK,EAAC,EAAE,UAAS,GAAG,EAAC,GAAG,IAAG,CAAC,CAAC,CAAC,IAAI,EAAE,CAAC;QACrF,CAAC;KAAA;CACF,CAAA;AAzBY,YAAY;IADxB,UAAU,EAAE;IAEE,WAAA,MAAM,CAAC,gBAAgB,CAAC,CAAA;yDAA6B,KAAK,oBAAL,KAAK;GAD5D,YAAY,CAyBxB;SAzBY,YAAY","sourcesContent":["import { Model } from 'mongoose';\r\nimport { Injectable, Inject } from '@nestjs/common';\r\nimport { User } from './interfaces/user.interface';\r\nimport { CreateUserDto } from './dto/create-user.dto';\r\n\r\n@Injectable()\r\nexport class UsersService {\r\n  constructor(@Inject('UserModelToken') private readonly userModel: Model<User>) {}\r\n\r\n  async create(createUserDto: CreateUserDto): Promise<User> {\r\n    console.log(createUserDto);\r\n    const createdUser = new this.userModel(createUserDto);\r\n    return await createdUser.save();\r\n  }\r\n\r\n  async update(uname, updateUser): Promise<User> {\r\n    console.log(updateUser);\r\n    return await  this.userModel.updateOne({username:uname}, updateUser, function(err) {}).exec();\r\n  }\r\n\r\n  async delete(uname): Promise<User> {\r\n    return await  this.userModel.deleteOne({username:uname}, function(err) {}).exec();\r\n  }\r\n\r\n  async findAll(): Promise<User[]> {\r\n    return await this.userModel.find().exec();\r\n  }\r\n\r\n  async findOne(uname): Promise<User> {\r\n    return await this.userModel.findOne({username:uname}, function(err,obj) {}).exec();\r\n  }\r\n}"]},"_coverageSchema":"332fd63041d2c1bcb487cc26dd0d5f7d97098a6c","hash":"5a873abe95f7016a6d636a1ef55384ba13a4b396"}
,"C:\\Projects\\backend-homework\\src\\users\\dto\\create-user.dto.ts": {"path":"C:\\Projects\\backend-homework\\src\\users\\dto\\create-user.dto.ts","statementMap":{},"fnMap":{},"branchMap":{},"s":{},"f":{},"b":{},"inputSourceMap":{"version":3,"file":"create-user.dto.js","sourceRoot":"","sources":["create-user.dto.ts"],"names":[],"mappings":"AAAA,MAAM;CAGH","sourcesContent":["export class CreateUserDto {\r\n    readonly username: string;\r\n    readonly name: string;\r\n  }"]},"_coverageSchema":"332fd63041d2c1bcb487cc26dd0d5f7d97098a6c","hash":"e1700beb1a8ebd248b59493202a235d86f307d6e"}
}
