TN:
SF:C:\Projects\backend-homework\src\app.controller.ts
FN:1,(anonymous_0)
FN:7,(anonymous_1)
FN:14,(anonymous_2)
FN:17,(anonymous_3)
FNF:4
FNH:4
FNDA:2,(anonymous_0)
FNDA:4,(anonymous_1)
FNDA:1,(anonymous_2)
FNDA:1,(anonymous_3)
DA:1,1
DA:2,2
DA:3,2
DA:4,0
DA:5,2
DA:7,1
DA:8,4
DA:13,1
DA:15,1
DA:18,1
DA:21,1
DA:27,1
LF:12
LH:11
BRDA:1,0,0,1
BRDA:1,0,1,0
BRDA:1,0,2,1
BRDA:2,1,0,1
BRDA:2,1,1,1
BRDA:2,2,0,1
BRDA:2,2,1,0
BRDA:3,3,0,2
BRDA:3,3,1,0
BRDA:3,4,0,2
BRDA:3,4,1,2
BRDA:4,5,0,0
BRDA:4,5,1,0
BRDA:4,6,0,0
BRDA:4,6,1,0
BRDA:4,7,0,0
BRDA:4,7,1,0
BRDA:4,8,0,0
BRDA:4,8,1,0
BRDA:5,9,0,2
BRDA:5,9,1,1
BRDA:5,9,2,1
BRDA:7,10,0,1
BRDA:7,10,1,0
BRDA:7,10,2,1
BRDA:8,11,0,4
BRDA:8,11,1,0
BRDA:8,12,0,4
BRDA:8,12,1,4
BRDA:29,13,0,1
BRDA:29,13,1,1
BRDA:29,13,2,0
BRDA:29,14,0,1
BRDA:29,14,1,1
BRF:34
BRH:20
end_of_record
TN:
SF:C:\Projects\backend-homework\src\app.service.ts
FN:1,(anonymous_0)
FN:9,(anonymous_1)
FNF:2
FNH:2
FNDA:1,(anonymous_0)
FNDA:1,(anonymous_1)
DA:1,1
DA:2,1
DA:3,1
DA:4,0
DA:5,1
DA:8,1
DA:10,1
DA:13,1
LF:8
LH:7
BRDA:1,0,0,1
BRDA:1,0,1,0
BRDA:1,0,2,1
BRDA:2,1,0,1
BRDA:2,1,1,0
BRDA:2,2,0,0
BRDA:2,2,1,0
BRDA:3,3,0,1
BRDA:3,3,1,0
BRDA:3,4,0,1
BRDA:3,4,1,1
BRDA:4,5,0,0
BRDA:4,5,1,0
BRDA:4,6,0,0
BRDA:4,6,1,0
BRDA:4,7,0,0
BRDA:4,7,1,0
BRDA:4,8,0,0
BRDA:4,8,1,0
BRDA:5,9,0,1
BRDA:5,9,1,0
BRDA:5,9,2,0
BRF:22
BRH:7
end_of_record
TN:
SF:C:\Projects\backend-homework\src\notes\notes.controller.ts
FN:1,(anonymous_0)
FN:7,(anonymous_1)
FN:10,(anonymous_2)
FN:11,(anonymous_3)
FN:13,(anonymous_4)
FN:14,(anonymous_5)
FN:15,fulfilled
FN:16,rejected
FN:17,step
FN:17,(anonymous_9)
FN:26,(anonymous_10)
FN:29,(anonymous_11)
FN:30,(anonymous_12)
FN:35,(anonymous_13)
FN:36,(anonymous_14)
FN:40,(anonymous_15)
FN:41,(anonymous_16)
FN:45,(anonymous_17)
FN:46,(anonymous_18)
FN:50,(anonymous_19)
FN:51,(anonymous_20)
FNF:21
FNH:18
FNDA:6,(anonymous_0)
FNDA:16,(anonymous_1)
FNDA:5,(anonymous_2)
FNDA:5,(anonymous_3)
FNDA:5,(anonymous_4)
FNDA:5,(anonymous_5)
FNDA:0,fulfilled
FNDA:0,rejected
FNDA:5,step
FNDA:0,(anonymous_9)
FNDA:5,(anonymous_10)
FNDA:1,(anonymous_11)
FNDA:1,(anonymous_12)
FNDA:1,(anonymous_13)
FNDA:1,(anonymous_14)
FNDA:1,(anonymous_15)
FNDA:1,(anonymous_16)
FNDA:1,(anonymous_17)
FNDA:1,(anonymous_18)
FNDA:1,(anonymous_19)
FNDA:1,(anonymous_20)
DA:1,1
DA:2,6
DA:3,6
DA:4,0
DA:5,6
DA:7,1
DA:8,16
DA:10,1
DA:11,5
DA:13,1
DA:14,5
DA:15,0
DA:16,0
DA:17,5
DA:18,5
DA:25,1
DA:27,5
DA:30,1
DA:31,1
DA:32,1
DA:36,1
DA:37,1
DA:41,1
DA:42,1
DA:46,1
DA:47,1
DA:51,1
DA:52,1
DA:56,1
DA:63,1
DA:70,1
DA:77,1
DA:83,1
DA:90,1
LF:34
LH:31
BRDA:1,0,0,1
BRDA:1,0,1,0
BRDA:1,0,2,1
BRDA:2,1,0,1
BRDA:2,1,1,5
BRDA:2,2,0,5
BRDA:2,2,1,0
BRDA:3,3,0,6
BRDA:3,3,1,0
BRDA:3,4,0,6
BRDA:3,4,1,6
BRDA:4,5,0,0
BRDA:4,5,1,0
BRDA:4,6,0,0
BRDA:4,6,1,0
BRDA:4,7,0,0
BRDA:4,7,1,0
BRDA:4,8,0,0
BRDA:4,8,1,0
BRDA:5,9,0,6
BRDA:5,9,1,5
BRDA:5,9,2,5
BRDA:7,10,0,1
BRDA:7,10,1,0
BRDA:7,10,2,1
BRDA:8,11,0,16
BRDA:8,11,1,0
BRDA:8,12,0,16
BRDA:8,12,1,16
BRDA:10,13,0,1
BRDA:10,13,1,0
BRDA:10,13,2,1
BRDA:13,14,0,1
BRDA:13,14,1,0
BRDA:13,14,2,1
BRDA:14,15,0,5
BRDA:14,15,1,5
BRDA:17,16,0,5
BRDA:17,16,1,0
BRDA:18,17,0,5
BRDA:18,17,1,5
BRDA:60,18,0,1
BRDA:60,18,1,1
BRDA:60,18,2,0
BRDA:60,19,0,1
BRDA:60,19,1,1
BRDA:81,20,0,1
BRDA:81,20,1,1
BRDA:81,20,2,0
BRDA:81,21,0,1
BRDA:81,21,1,1
BRDA:88,22,0,1
BRDA:88,22,1,1
BRDA:88,22,2,0
BRDA:88,23,0,1
BRDA:88,23,1,1
BRDA:92,24,0,1
BRDA:92,24,1,1
BRDA:92,24,2,0
BRDA:92,25,0,1
BRDA:92,25,1,1
BRF:61
BRH:41
end_of_record
TN:
SF:C:\Projects\backend-homework\src\notes\notes.service.ts
FN:1,(anonymous_0)
FN:7,(anonymous_1)
FN:10,(anonymous_2)
FN:11,(anonymous_3)
FN:13,(anonymous_4)
FN:14,(anonymous_5)
FN:15,fulfilled
FN:16,rejected
FN:17,step
FN:17,(anonymous_9)
FN:25,(anonymous_10)
FN:28,(anonymous_11)
FN:29,(anonymous_12)
FN:35,(anonymous_13)
FN:36,(anonymous_14)
FN:39,(anonymous_15)
FN:42,(anonymous_16)
FN:43,(anonymous_17)
FN:44,(anonymous_18)
FN:47,(anonymous_19)
FN:48,(anonymous_20)
FN:52,(anonymous_21)
FN:53,(anonymous_22)
FN:54,(anonymous_23)
FNF:24
FNH:5
FNDA:1,(anonymous_0)
FNDA:1,(anonymous_1)
FNDA:1,(anonymous_2)
FNDA:1,(anonymous_3)
FNDA:0,(anonymous_4)
FNDA:0,(anonymous_5)
FNDA:0,fulfilled
FNDA:0,rejected
FNDA:0,step
FNDA:0,(anonymous_9)
FNDA:5,(anonymous_10)
FNDA:0,(anonymous_11)
FNDA:0,(anonymous_12)
FNDA:0,(anonymous_13)
FNDA:0,(anonymous_14)
FNDA:0,(anonymous_15)
FNDA:0,(anonymous_16)
FNDA:0,(anonymous_17)
FNDA:0,(anonymous_18)
FNDA:0,(anonymous_19)
FNDA:0,(anonymous_20)
FNDA:0,(anonymous_21)
FNDA:0,(anonymous_22)
FNDA:0,(anonymous_23)
DA:1,1
DA:2,1
DA:3,1
DA:4,0
DA:5,1
DA:7,1
DA:8,1
DA:10,1
DA:11,1
DA:13,1
DA:14,0
DA:15,0
DA:16,0
DA:17,0
DA:18,0
DA:24,1
DA:26,5
DA:29,0
DA:30,0
DA:31,0
DA:32,0
DA:36,0
DA:37,0
DA:38,0
DA:39,0
DA:43,0
DA:44,0
DA:48,0
DA:49,0
DA:53,0
DA:54,0
DA:58,1
LF:32
LH:12
BRDA:1,0,0,1
BRDA:1,0,1,0
BRDA:1,0,2,1
BRDA:2,1,0,1
BRDA:2,1,1,0
BRDA:2,2,0,0
BRDA:2,2,1,0
BRDA:3,3,0,1
BRDA:3,3,1,0
BRDA:3,4,0,1
BRDA:3,4,1,1
BRDA:4,5,0,0
BRDA:4,5,1,0
BRDA:4,6,0,0
BRDA:4,6,1,0
BRDA:4,7,0,0
BRDA:4,7,1,0
BRDA:4,8,0,0
BRDA:4,8,1,0
BRDA:5,9,0,1
BRDA:5,9,1,0
BRDA:5,9,2,0
BRDA:7,10,0,1
BRDA:7,10,1,0
BRDA:7,10,2,1
BRDA:8,11,0,1
BRDA:8,11,1,0
BRDA:8,12,0,1
BRDA:8,12,1,1
BRDA:10,13,0,1
BRDA:10,13,1,0
BRDA:10,13,2,1
BRDA:13,14,0,1
BRDA:13,14,1,0
BRDA:13,14,2,1
BRDA:14,15,0,0
BRDA:14,15,1,0
BRDA:17,16,0,0
BRDA:17,16,1,0
BRDA:18,17,0,0
BRDA:18,17,1,0
BRDA:61,18,0,1
BRDA:61,18,1,1
BRDA:61,18,2,0
BRDA:61,19,0,1
BRDA:61,19,1,1
BRF:46
BRH:20
end_of_record
TN:
SF:C:\Projects\backend-homework\src\notes\dto\create-note.dto.ts
FNF:0
FNH:0
LF:0
LH:0
BRF:0
BRH:0
end_of_record
TN:
SF:C:\Projects\backend-homework\src\users\users.controller.ts
FN:1,(anonymous_0)
FN:7,(anonymous_1)
FN:10,(anonymous_2)
FN:11,(anonymous_3)
FN:13,(anonymous_4)
FN:14,(anonymous_5)
FN:15,fulfilled
FN:16,rejected
FN:17,step
FN:17,(anonymous_9)
FN:26,(anonymous_10)
FN:29,(anonymous_11)
FN:30,(anonymous_12)
FN:34,(anonymous_13)
FN:35,(anonymous_14)
FN:39,(anonymous_15)
FN:40,(anonymous_16)
FN:44,(anonymous_17)
FN:45,(anonymous_18)
FN:49,(anonymous_19)
FN:50,(anonymous_20)
FNF:21
FNH:18
FNDA:6,(anonymous_0)
FNDA:16,(anonymous_1)
FNDA:5,(anonymous_2)
FNDA:5,(anonymous_3)
FNDA:5,(anonymous_4)
FNDA:5,(anonymous_5)
FNDA:0,fulfilled
FNDA:0,rejected
FNDA:5,step
FNDA:0,(anonymous_9)
FNDA:5,(anonymous_10)
FNDA:1,(anonymous_11)
FNDA:1,(anonymous_12)
FNDA:1,(anonymous_13)
FNDA:1,(anonymous_14)
FNDA:1,(anonymous_15)
FNDA:1,(anonymous_16)
FNDA:1,(anonymous_17)
FNDA:1,(anonymous_18)
FNDA:1,(anonymous_19)
FNDA:1,(anonymous_20)
DA:1,1
DA:2,6
DA:3,6
DA:4,0
DA:5,6
DA:7,1
DA:8,16
DA:10,1
DA:11,5
DA:13,1
DA:14,5
DA:15,0
DA:16,0
DA:17,5
DA:18,5
DA:25,1
DA:27,5
DA:30,1
DA:31,1
DA:35,1
DA:36,1
DA:40,1
DA:41,1
DA:45,1
DA:46,1
DA:50,1
DA:51,1
DA:55,1
DA:62,1
DA:69,1
DA:76,1
DA:82,1
DA:89,1
LF:33
LH:30
BRDA:1,0,0,1
BRDA:1,0,1,0
BRDA:1,0,2,1
BRDA:2,1,0,1
BRDA:2,1,1,5
BRDA:2,2,0,5
BRDA:2,2,1,0
BRDA:3,3,0,6
BRDA:3,3,1,0
BRDA:3,4,0,6
BRDA:3,4,1,6
BRDA:4,5,0,0
BRDA:4,5,1,0
BRDA:4,6,0,0
BRDA:4,6,1,0
BRDA:4,7,0,0
BRDA:4,7,1,0
BRDA:4,8,0,0
BRDA:4,8,1,0
BRDA:5,9,0,6
BRDA:5,9,1,5
BRDA:5,9,2,5
BRDA:7,10,0,1
BRDA:7,10,1,0
BRDA:7,10,2,1
BRDA:8,11,0,16
BRDA:8,11,1,0
BRDA:8,12,0,16
BRDA:8,12,1,16
BRDA:10,13,0,1
BRDA:10,13,1,0
BRDA:10,13,2,1
BRDA:13,14,0,1
BRDA:13,14,1,0
BRDA:13,14,2,1
BRDA:14,15,0,5
BRDA:14,15,1,5
BRDA:17,16,0,5
BRDA:17,16,1,0
BRDA:18,17,0,5
BRDA:18,17,1,5
BRDA:59,18,0,1
BRDA:59,18,1,1
BRDA:59,18,2,0
BRDA:59,19,0,1
BRDA:59,19,1,1
BRDA:80,20,0,1
BRDA:80,20,1,1
BRDA:80,20,2,0
BRDA:80,21,0,1
BRDA:80,21,1,1
BRDA:87,22,0,1
BRDA:87,22,1,1
BRDA:87,22,2,0
BRDA:87,23,0,1
BRDA:87,23,1,1
BRDA:91,24,0,1
BRDA:91,24,1,1
BRDA:91,24,2,0
BRDA:91,25,0,1
BRDA:91,25,1,1
BRF:61
BRH:41
end_of_record
TN:
SF:C:\Projects\backend-homework\src\users\users.service.ts
FN:1,(anonymous_0)
FN:7,(anonymous_1)
FN:10,(anonymous_2)
FN:11,(anonymous_3)
FN:13,(anonymous_4)
FN:14,(anonymous_5)
FN:15,fulfilled
FN:16,rejected
FN:17,step
FN:17,(anonymous_9)
FN:25,(anonymous_10)
FN:28,(anonymous_11)
FN:29,(anonymous_12)
FN:35,(anonymous_13)
FN:36,(anonymous_14)
FN:38,(anonymous_15)
FN:41,(anonymous_16)
FN:42,(anonymous_17)
FN:43,(anonymous_18)
FN:46,(anonymous_19)
FN:47,(anonymous_20)
FN:51,(anonymous_21)
FN:52,(anonymous_22)
FN:53,(anonymous_23)
FNF:24
FNH:5
FNDA:1,(anonymous_0)
FNDA:1,(anonymous_1)
FNDA:1,(anonymous_2)
FNDA:1,(anonymous_3)
FNDA:0,(anonymous_4)
FNDA:0,(anonymous_5)
FNDA:0,fulfilled
FNDA:0,rejected
FNDA:0,step
FNDA:0,(anonymous_9)
FNDA:5,(anonymous_10)
FNDA:0,(anonymous_11)
FNDA:0,(anonymous_12)
FNDA:0,(anonymous_13)
FNDA:0,(anonymous_14)
FNDA:0,(anonymous_15)
FNDA:0,(anonymous_16)
FNDA:0,(anonymous_17)
FNDA:0,(anonymous_18)
FNDA:0,(anonymous_19)
FNDA:0,(anonymous_20)
FNDA:0,(anonymous_21)
FNDA:0,(anonymous_22)
FNDA:0,(anonymous_23)
DA:1,1
DA:2,1
DA:3,1
DA:4,0
DA:5,1
DA:7,1
DA:8,1
DA:10,1
DA:11,1
DA:13,1
DA:14,0
DA:15,0
DA:16,0
DA:17,0
DA:18,0
DA:24,1
DA:26,5
DA:29,0
DA:30,0
DA:31,0
DA:32,0
DA:36,0
DA:37,0
DA:38,0
DA:42,0
DA:43,0
DA:47,0
DA:48,0
DA:52,0
DA:53,0
DA:57,1
LF:31
LH:12
BRDA:1,0,0,1
BRDA:1,0,1,0
BRDA:1,0,2,1
BRDA:2,1,0,1
BRDA:2,1,1,0
BRDA:2,2,0,0
BRDA:2,2,1,0
BRDA:3,3,0,1
BRDA:3,3,1,0
BRDA:3,4,0,1
BRDA:3,4,1,1
BRDA:4,5,0,0
BRDA:4,5,1,0
BRDA:4,6,0,0
BRDA:4,6,1,0
BRDA:4,7,0,0
BRDA:4,7,1,0
BRDA:4,8,0,0
BRDA:4,8,1,0
BRDA:5,9,0,1
BRDA:5,9,1,0
BRDA:5,9,2,0
BRDA:7,10,0,1
BRDA:7,10,1,0
BRDA:7,10,2,1
BRDA:8,11,0,1
BRDA:8,11,1,0
BRDA:8,12,0,1
BRDA:8,12,1,1
BRDA:10,13,0,1
BRDA:10,13,1,0
BRDA:10,13,2,1
BRDA:13,14,0,1
BRDA:13,14,1,0
BRDA:13,14,2,1
BRDA:14,15,0,0
BRDA:14,15,1,0
BRDA:17,16,0,0
BRDA:17,16,1,0
BRDA:18,17,0,0
BRDA:18,17,1,0
BRDA:60,18,0,1
BRDA:60,18,1,1
BRDA:60,18,2,0
BRDA:60,19,0,1
BRDA:60,19,1,1
BRF:46
BRH:20
end_of_record
TN:
SF:C:\Projects\backend-homework\src\users\dto\create-user.dto.ts
FNF:0
FNH:0
LF:0
LH:0
BRF:0
BRH:0
end_of_record
